Mon Feb 14 14:03:23 EST 2011
receiving file list ... done
rsync: failed to set times on "/archive/rb133/hpf2/results/.": Operation not permitted (1)
./
rsync: failed to set times on "/archive/rb133/hpf2/results/nv_hpf2_results": Operation not permitted (1)
nv_hpf2_results/
nv_hpf2_results/md5sums.txt
nv_hpf2_results/nv490.result.gz
nv_hpf2_results/nv491.result.gz
nv_hpf2_results/nv492.result.gz
nv_hpf2_results/nv493.result.gz
nv_hpf2_results/nv494.result.gz
nv_hpf2_results/nv495.result.gz
rsync: failed to set times on "/archive/rb133/hpf2/results/nx_hpf2_results": Operation not permitted (1)
nv_hpf2_results/nv496.result.gz
nv_hpf2_results/nv497.result.gz
nv_hpf2_results/nv498.result.gz
nv_hpf2_results/nv499.result.gz
nx_hpf2_results/
nx_hpf2_results/md5sums.txt
nx_hpf2_results/nx110.result.gz
nx_hpf2_results/nx111.result.gz
rsync: failed to set times on "/archive/rb133/hpf2/results/nz_hpf2_results": Operation not permitted (1)
nx_hpf2_results/nx112.result.gz
nx_hpf2_results/nx113.result.gz
nx_hpf2_results/nx114.result.gz
nx_hpf2_results/nx115.result.gz
nx_hpf2_results/nx116.result.gz
nx_hpf2_results/nx117.result.gz
nx_hpf2_results/nx118.result.gz
nx_hpf2_results/nx119.result.gz
nz_hpf2_results/
nz_hpf2_results/md5sums.txt
nz_hpf2_results/nz470.result.gz
nz_hpf2_results/nz471.result.gz
nz_hpf2_results/nz472.result.gz
nz_hpf2_results/nz473.result.gz
nz_hpf2_results/nz474.result.gz
nz_hpf2_results/nz475.result.gz
nz_hpf2_results/nz476.result.gz
nz_hpf2_results/nz477.result.gz
nz_hpf2_results/nz478.result.gz
nz_hpf2_results/nz479.result.gz
nz_hpf2_results/nz590.result.gz
nz_hpf2_results/nz591.result.gz
nz_hpf2_results/nz592.result.gz
nz_hpf2_results/nz593.result.gz
nz_hpf2_results/nz594.result.gz
nz_hpf2_results/nz595.result.gz
nz_hpf2_results/nz596.result.gz
nz_hpf2_results/nz597.result.gz
nz_hpf2_results/nz598.result.gz
nz_hpf2_results/nz599.result.gz
nz_hpf2_results/nz710.result.gz
nz_hpf2_results/nz711.result.gz
nz_hpf2_results/nz712.result.gz
nz_hpf2_results/nz713.result.gz
nz_hpf2_results/nz714.result.gz
nz_hpf2_results/nz715.result.gz
nz_hpf2_results/nz716.result.gz
nz_hpf2_results/nz717.result.gz
nz_hpf2_results/nz718.result.gz
nz_hpf2_results/nz719.result.gz
nz_hpf2_results/nz740.result.gz
nz_hpf2_results/nz741.result.gz
nz_hpf2_results/nz742.result.gz
nz_hpf2_results/nz743.result.gz
nz_hpf2_results/nz744.result.gz
nz_hpf2_results/nz745.result.gz
nz_hpf2_results/nz746.result.gz
nz_hpf2_results/nz747.result.gz
nz_hpf2_results/nz748.result.gz
nz_hpf2_results/nz749.result.gz
nz_hpf2_results/nz750.result.gz
nz_hpf2_results/nz751.result.gz
nz_hpf2_results/nz752.result.gz
nz_hpf2_results/nz753.result.gz
nz_hpf2_results/nz754.result.gz
nz_hpf2_results/nz755.result.gz
nz_hpf2_results/nz756.result.gz
nz_hpf2_results/nz757.result.gz
nz_hpf2_results/nz758.result.gz
nz_hpf2_results/nz759.result.gz
nz_hpf2_results/nz770.result.gz
nz_hpf2_results/nz771.result.gz
nz_hpf2_results/nz772.result.gz
nz_hpf2_results/nz773.result.gz
nz_hpf2_results/nz774.result.gz
nz_hpf2_results/nz775.result.gz
nz_hpf2_results/nz776.result.gz
nz_hpf2_results/nz777.result.gz
nz_hpf2_results/nz778.result.gz
nz_hpf2_results/nz779.result.gz
nz_hpf2_results/nz780.result.gz
nz_hpf2_results/nz781.result.gz
nz_hpf2_results/nz782.result.gz
nz_hpf2_results/nz783.result.gz
nz_hpf2_results/nz784.result.gz
nz_hpf2_results/nz785.result.gz
nz_hpf2_results/nz786.result.gz
nz_hpf2_results/nz787.result.gz
nz_hpf2_results/nz788.result.gz
nz_hpf2_results/nz789.result.gz
nz_hpf2_results/nz790.result.gz
nz_hpf2_results/nz791.result.gz
nz_hpf2_results/nz792.result.gz
nz_hpf2_results/nz793.result.gz
nz_hpf2_results/nz794.result.gz
nz_hpf2_results/nz795.result.gz
nz_hpf2_results/nz796.result.gz
nz_hpf2_results/nz797.result.gz
nz_hpf2_results/nz798.result.gz
nz_hpf2_results/nz799.result.gz
nz_hpf2_results/nz800.result.gz
nz_hpf2_results/nz801.result.gz
nz_hpf2_results/nz802.result.gz
nz_hpf2_results/nz803.result.gz
nz_hpf2_results/nz804.result.gz
nz_hpf2_results/nz805.result.gz
nz_hpf2_results/nz806.result.gz
nz_hpf2_results/nz807.result.gz
nz_hpf2_results/nz808.result.gz
nz_hpf2_results/nz809.result.gz
nz_hpf2_results/nz810.result.gz
nz_hpf2_results/nz811.result.gz
nz_hpf2_results/nz812.result.gz
nz_hpf2_results/nz813.result.gz
nz_hpf2_results/nz814.result.gz
nz_hpf2_results/nz815.result.gz
nz_hpf2_results/nz816.result.gz
nz_hpf2_results/nz817.result.gz
nz_hpf2_results/nz818.result.gz
nz_hpf2_results/nz819.result.gz
nz_hpf2_results/nz820.result.gz
nz_hpf2_results/nz821.result.gz
nz_hpf2_results/nz822.result.gz
nz_hpf2_results/nz823.result.gz
nz_hpf2_results/nz824.result.gz
nz_hpf2_results/nz825.result.gz
nz_hpf2_results/nz826.result.gz
nz_hpf2_results/nz827.result.gz
nz_hpf2_results/nz828.result.gz
nz_hpf2_results/nz829.result.gz
nz_hpf2_results/nz830.result.gz
nz_hpf2_results/nz831.result.gz
nz_hpf2_results/nz832.result.gz
nz_hpf2_results/nz833.result.gz
nz_hpf2_results/nz834.result.gz
nz_hpf2_results/nz835.result.gz
nz_hpf2_results/nz836.result.gz
nz_hpf2_results/nz837.result.gz
nz_hpf2_results/nz838.result.gz
nz_hpf2_results/nz839.result.gz
nz_hpf2_results/nz840.result.gz
nz_hpf2_results/nz841.result.gz
nz_hpf2_results/nz842.result.gz
nz_hpf2_results/nz843.result.gz
nz_hpf2_results/nz844.result.gz
nz_hpf2_results/nz845.result.gz
nz_hpf2_results/nz846.result.gz
nz_hpf2_results/nz847.result.gz
nz_hpf2_results/nz848.result.gz
nz_hpf2_results/nz849.result.gz
nz_hpf2_results/nz850.result.gz
nz_hpf2_results/nz851.result.gz
nz_hpf2_results/nz852.result.gz
nz_hpf2_results/nz853.result.gz
nz_hpf2_results/nz854.result.gz
nz_hpf2_results/nz855.result.gz
nz_hpf2_results/nz856.result.gz
nz_hpf2_results/nz857.result.gz
nz_hpf2_results/nz858.result.gz
nz_hpf2_results/nz859.result.gz
nz_hpf2_results/nz860.result.gz
nz_hpf2_results/nz861.result.gz
nz_hpf2_results/nz862.result.gz
nz_hpf2_results/nz863.result.gz
nz_hpf2_results/nz864.result.gz
nz_hpf2_results/nz865.result.gz
nz_hpf2_results/nz866.result.gz
nz_hpf2_results/nz867.result.gz
nz_hpf2_results/nz868.result.gz
nz_hpf2_results/nz869.result.gz
nz_hpf2_results/nz870.result.gz
nz_hpf2_results/nz871.result.gz
nz_hpf2_results/nz872.result.gz
nz_hpf2_results/nz873.result.gz
nz_hpf2_results/nz874.result.gz
nz_hpf2_results/nz875.result.gz
nz_hpf2_results/nz876.result.gz
nz_hpf2_results/nz877.result.gz
nz_hpf2_results/nz878.result.gz
nz_hpf2_results/nz879.result.gz
nz_hpf2_results/nz880.result.gz
nz_hpf2_results/nz881.result.gz
nz_hpf2_results/nz882.result.gz
nz_hpf2_results/nz883.result.gz
nz_hpf2_results/nz884.result.gz
nz_hpf2_results/nz885.result.gz
nz_hpf2_results/nz886.result.gz
nz_hpf2_results/nz887.result.gz
nz_hpf2_results/nz888.result.gz
nz_hpf2_results/nz889.result.gz
nz_hpf2_results/nz890.result.gz
nz_hpf2_results/nz891.result.gz
nz_hpf2_results/nz892.result.gz
nz_hpf2_results/nz893.result.gz
nz_hpf2_results/nz894.result.gz
nz_hpf2_results/nz895.result.gz
nz_hpf2_results/nz896.result.gz
nz_hpf2_results/nz897.result.gz
nz_hpf2_results/nz898.result.gz
nz_hpf2_results/nz899.result.gz
nz_hpf2_results/nz900.result.gz
nz_hpf2_results/nz901.result.gz
nz_hpf2_results/nz902.result.gz
nz_hpf2_results/nz903.result.gz
nz_hpf2_results/nz904.result.gz
nz_hpf2_results/nz905.result.gz
nz_hpf2_results/nz906.result.gz
nz_hpf2_results/nz907.result.gz
nz_hpf2_results/nz908.result.gz
nz_hpf2_results/nz909.result.gz
nz_hpf2_results/nz910.result.gz
nz_hpf2_results/nz911.result.gz
nz_hpf2_results/nz912.result.gz
nz_hpf2_results/nz913.result.gz
nz_hpf2_results/nz914.result.gz
nz_hpf2_results/nz915.result.gz
nz_hpf2_results/nz916.result.gz
nz_hpf2_results/nz917.result.gz
nz_hpf2_results/nz918.result.gz
nz_hpf2_results/nz919.result.gz
nz_hpf2_results/nz920.result.gz
nz_hpf2_results/nz921.result.gz
nz_hpf2_results/nz922.result.gz
nz_hpf2_results/nz923.result.gz
nz_hpf2_results/nz924.result.gz
nz_hpf2_results/nz925.result.gz
nz_hpf2_results/nz926.result.gz
nz_hpf2_results/nz927.result.gz
nz_hpf2_results/nz928.result.gz
nz_hpf2_results/nz929.result.gz
nz_hpf2_results/nz930.result.gz
nz_hpf2_results/nz931.result.gz
nz_hpf2_results/nz932.result.gz
nz_hpf2_results/nz933.result.gz
nz_hpf2_results/nz934.result.gz
nz_hpf2_results/nz935.result.gz
nz_hpf2_results/nz936.result.gz
nz_hpf2_results/nz937.result.gz
nz_hpf2_results/nz938.result.gz
nz_hpf2_results/nz939.result.gz
nz_hpf2_results/nz940.result.gz
nz_hpf2_results/nz941.result.gz
nz_hpf2_results/nz942.result.gz
nz_hpf2_results/nz943.result.gz
nz_hpf2_results/nz944.result.gz
nz_hpf2_results/nz945.result.gz
nz_hpf2_results/nz946.result.gz
nz_hpf2_results/nz947.result.gz
nz_hpf2_results/nz948.result.gz
nz_hpf2_results/nz949.result.gz
nz_hpf2_results/nz950.result.gz
nz_hpf2_results/nz951.result.gz
nz_hpf2_results/nz952.result.gz
nz_hpf2_results/nz953.result.gz
nz_hpf2_results/nz954.result.gz
nz_hpf2_results/nz955.result.gz
nz_hpf2_results/nz956.result.gz
nz_hpf2_results/nz957.result.gz
nz_hpf2_results/nz958.result.gz
nz_hpf2_results/nz959.result.gz
nz_hpf2_results/nz960.result.gz
nz_hpf2_results/nz961.result.gz
nz_hpf2_results/nz962.result.gz
nz_hpf2_results/nz963.result.gz
nz_hpf2_results/nz964.result.gz
nz_hpf2_results/nz965.result.gz
nz_hpf2_results/nz966.result.gz
nz_hpf2_results/nz967.result.gz
nz_hpf2_results/nz968.result.gz
nz_hpf2_results/nz969.result.gz
nz_hpf2_results/nz970.result.gz
nz_hpf2_results/nz971.result.gz
nz_hpf2_results/nz972.result.gz
nz_hpf2_results/nz973.result.gz
nz_hpf2_results/nz974.result.gz
nz_hpf2_results/nz975.result.gz
nz_hpf2_results/nz976.result.gz
nz_hpf2_results/nz977.result.gz
nz_hpf2_results/nz978.result.gz
nz_hpf2_results/nz979.result.gz
nz_hpf2_results/nz980.result.gz
nz_hpf2_results/nz981.result.gz
nz_hpf2_results/nz982.result.gz
nz_hpf2_results/nz983.result.gz
nz_hpf2_results/nz984.result.gz
nz_hpf2_results/nz985.result.gz
nz_hpf2_results/nz986.result.gz
nz_hpf2_results/nz987.result.gz
nz_hpf2_results/nz988.result.gz
nz_hpf2_results/nz989.result.gz
nz_hpf2_results/nz990.result.gz
nz_hpf2_results/nz991.result.gz
nz_hpf2_results/nz992.result.gz
nz_hpf2_results/nz993.result.gz
nz_hpf2_results/nz994.result.gz
nz_hpf2_results/nz995.result.gz
nz_hpf2_results/nz996.result.gz
nz_hpf2_results/nz997.result.gz
nz_hpf2_results/nz998.result.gz
nz_hpf2_results/nz999.result.gz
oa_hpf2_results/
oa_hpf2_results/md5sums.txt
oa_hpf2_results/oa000.result.gz
oa_hpf2_results/oa001.result.gz
oa_hpf2_results/oa002.result.gz
oa_hpf2_results/oa003.result.gz
oa_hpf2_results/oa004.result.gz
oa_hpf2_results/oa005.result.gz
oa_hpf2_results/oa006.result.gz
oa_hpf2_results/oa007.result.gz
oa_hpf2_results/oa008.result.gz
oa_hpf2_results/oa009.result.gz
oa_hpf2_results/oa010.result.gz
oa_hpf2_results/oa011.result.gz
oa_hpf2_results/oa012.result.gz
oa_hpf2_results/oa013.result.gz
oa_hpf2_results/oa014.result.gz
oa_hpf2_results/oa015.result.gz
oa_hpf2_results/oa016.result.gz
oa_hpf2_results/oa017.result.gz
oa_hpf2_results/oa018.result.gz
oa_hpf2_results/oa019.result.gz
oa_hpf2_results/oa020.result.gz
oa_hpf2_results/oa021.result.gz
oa_hpf2_results/oa022.result.gz
oa_hpf2_results/oa023.result.gz
oa_hpf2_results/oa024.result.gz
oa_hpf2_results/oa025.result.gz
oa_hpf2_results/oa026.result.gz
oa_hpf2_results/oa027.result.gz
oa_hpf2_results/oa028.result.gz
oa_hpf2_results/oa029.result.gz
oa_hpf2_results/oa030.result.gz
oa_hpf2_results/oa031.result.gz
oa_hpf2_results/oa032.result.gz
oa_hpf2_results/oa033.result.gz
oa_hpf2_results/oa034.result.gz
oa_hpf2_results/oa035.result.gz
oa_hpf2_results/oa036.result.gz
oa_hpf2_results/oa037.result.gz
oa_hpf2_results/oa038.result.gz
oa_hpf2_results/oa039.result.gz
oa_hpf2_results/oa040.result.gz
oa_hpf2_results/oa041.result.gz
oa_hpf2_results/oa042.result.gz
oa_hpf2_results/oa043.result.gz
oa_hpf2_results/oa044.result.gz
oa_hpf2_results/oa045.result.gz
oa_hpf2_results/oa046.result.gz
oa_hpf2_results/oa047.result.gz
oa_hpf2_results/oa048.result.gz
oa_hpf2_results/oa049.result.gz
oa_hpf2_results/oa050.result.gz
oa_hpf2_results/oa051.result.gz
oa_hpf2_results/oa052.result.gz
oa_hpf2_results/oa053.result.gz
oa_hpf2_results/oa054.result.gz
oa_hpf2_results/oa055.result.gz
oa_hpf2_results/oa056.result.gz
oa_hpf2_results/oa057.result.gz
oa_hpf2_results/oa058.result.gz
oa_hpf2_results/oa059.result.gz
oa_hpf2_results/oa060.result.gz
oa_hpf2_results/oa061.result.gz
oa_hpf2_results/oa062.result.gz
oa_hpf2_results/oa063.result.gz
oa_hpf2_results/oa064.result.gz
oa_hpf2_results/oa065.result.gz
oa_hpf2_results/oa066.result.gz
oa_hpf2_results/oa067.result.gz
oa_hpf2_results/oa068.result.gz
oa_hpf2_results/oa069.result.gz
oa_hpf2_results/oa070.result.gz
oa_hpf2_results/oa071.result.gz
oa_hpf2_results/oa072.result.gz
oa_hpf2_results/oa073.result.gz
oa_hpf2_results/oa074.result.gz
oa_hpf2_results/oa075.result.gz
oa_hpf2_results/oa076.result.gz
oa_hpf2_results/oa077.result.gz
oa_hpf2_results/oa078.result.gz
oa_hpf2_results/oa079.result.gz
oa_hpf2_results/oa080.result.gz
oa_hpf2_results/oa081.result.gz
oa_hpf2_results/oa082.result.gz
oa_hpf2_results/oa083.result.gz
oa_hpf2_results/oa084.result.gz
oa_hpf2_results/oa085.result.gz
oa_hpf2_results/oa086.result.gz
oa_hpf2_results/oa087.result.gz
oa_hpf2_results/oa088.result.gz
oa_hpf2_results/oa089.result.gz
oa_hpf2_results/oa090.result.gz
oa_hpf2_results/oa091.result.gz
oa_hpf2_results/oa092.result.gz
oa_hpf2_results/oa093.result.gz
oa_hpf2_results/oa094.result.gz
oa_hpf2_results/oa095.result.gz
oa_hpf2_results/oa096.result.gz
oa_hpf2_results/oa097.result.gz
oa_hpf2_results/oa098.result.gz
oa_hpf2_results/oa099.result.gz
oa_hpf2_results/oa100.result.gz
oa_hpf2_results/oa101.result.gz
oa_hpf2_results/oa102.result.gz
oa_hpf2_results/oa103.result.gz
oa_hpf2_results/oa104.result.gz
oa_hpf2_results/oa105.result.gz
oa_hpf2_results/oa106.result.gz
oa_hpf2_results/oa107.result.gz
oa_hpf2_results/oa108.result.gz
oa_hpf2_results/oa109.result.gz
oa_hpf2_results/oa110.result.gz
oa_hpf2_results/oa111.result.gz
oa_hpf2_results/oa112.result.gz
oa_hpf2_results/oa113.result.gz
oa_hpf2_results/oa114.result.gz
oa_hpf2_results/oa115.result.gz
oa_hpf2_results/oa116.result.gz
oa_hpf2_results/oa117.result.gz
oa_hpf2_results/oa118.result.gz
oa_hpf2_results/oa119.result.gz
oa_hpf2_results/oa120.result.gz
oa_hpf2_results/oa121.result.gz
oa_hpf2_results/oa122.result.gz
oa_hpf2_results/oa123.result.gz
oa_hpf2_results/oa124.result.gz
oa_hpf2_results/oa125.result.gz
oa_hpf2_results/oa126.result.gz
oa_hpf2_results/oa127.result.gz
oa_hpf2_results/oa128.result.gz
oa_hpf2_results/oa129.result.gz
oa_hpf2_results/oa130.result.gz
oa_hpf2_results/oa131.result.gz
oa_hpf2_results/oa132.result.gz
oa_hpf2_results/oa133.result.gz
oa_hpf2_results/oa134.result.gz
oa_hpf2_results/oa135.result.gz
oa_hpf2_results/oa136.result.gz
oa_hpf2_results/oa137.result.gz
oa_hpf2_results/oa138.result.gz
oa_hpf2_results/oa139.result.gz
oa_hpf2_results/oa140.result.gz
oa_hpf2_results/oa141.result.gz
oa_hpf2_results/oa142.result.gz
oa_hpf2_results/oa143.result.gz
oa_hpf2_results/oa144.result.gz
oa_hpf2_results/oa145.result.gz
oa_hpf2_results/oa146.result.gz
oa_hpf2_results/oa147.result.gz
oa_hpf2_results/oa148.result.gz
oa_hpf2_results/oa149.result.gz
oa_hpf2_results/oa150.result.gz
oa_hpf2_results/oa151.result.gz
oa_hpf2_results/oa152.result.gz
oa_hpf2_results/oa153.result.gz
oa_hpf2_results/oa154.result.gz
oa_hpf2_results/oa155.result.gz
oa_hpf2_results/oa156.result.gz
oa_hpf2_results/oa157.result.gz
oa_hpf2_results/oa158.result.gz
oa_hpf2_results/oa159.result.gz
oa_hpf2_results/oa160.result.gz
oa_hpf2_results/oa161.result.gz
oa_hpf2_results/oa162.result.gz
oa_hpf2_results/oa163.result.gz
oa_hpf2_results/oa164.result.gz
oa_hpf2_results/oa165.result.gz
oa_hpf2_results/oa166.result.gz
oa_hpf2_results/oa167.result.gz
oa_hpf2_results/oa168.result.gz
oa_hpf2_results/oa169.result.gz
oa_hpf2_results/oa170.result.gz
oa_hpf2_results/oa171.result.gz
oa_hpf2_results/oa172.result.gz
oa_hpf2_results/oa173.result.gz
oa_hpf2_results/oa174.result.gz
oa_hpf2_results/oa175.result.gz
oa_hpf2_results/oa176.result.gz
oa_hpf2_results/oa177.result.gz
oa_hpf2_results/oa178.result.gz
oa_hpf2_results/oa179.result.gz
oa_hpf2_results/oa180.result.gz
oa_hpf2_results/oa181.result.gz
oa_hpf2_results/oa182.result.gz
oa_hpf2_results/oa183.result.gz
oa_hpf2_results/oa184.result.gz
oa_hpf2_results/oa185.result.gz
oa_hpf2_results/oa186.result.gz
oa_hpf2_results/oa187.result.gz
oa_hpf2_results/oa188.result.gz
oa_hpf2_results/oa189.result.gz
oa_hpf2_results/oa190.result.gz
oa_hpf2_results/oa191.result.gz
oa_hpf2_results/oa192.result.gz
oa_hpf2_results/oa193.result.gz
oa_hpf2_results/oa194.result.gz
oa_hpf2_results/oa195.result.gz
oa_hpf2_results/oa196.result.gz
oa_hpf2_results/oa197.result.gz
oa_hpf2_results/oa198.result.gz
oa_hpf2_results/oa199.result.gz
oa_hpf2_results/oa200.result.gz
oa_hpf2_results/oa201.result.gz
oa_hpf2_results/oa202.result.gz
oa_hpf2_results/oa203.result.gz
oa_hpf2_results/oa204.result.gz
oa_hpf2_results/oa205.result.gz
oa_hpf2_results/oa206.result.gz
oa_hpf2_results/oa207.result.gz
oa_hpf2_results/oa208.result.gz
oa_hpf2_results/oa209.result.gz
oa_hpf2_results/oa210.result.gz
oa_hpf2_results/oa211.result.gz
oa_hpf2_results/oa212.result.gz
oa_hpf2_results/oa213.result.gz
oa_hpf2_results/oa214.result.gz
oa_hpf2_results/oa215.result.gz
oa_hpf2_results/oa216.result.gz
oa_hpf2_results/oa217.result.gz
oa_hpf2_results/oa218.result.gz
oa_hpf2_results/oa219.result.gz
oa_hpf2_results/oa220.result.gz
oa_hpf2_results/oa221.result.gz
oa_hpf2_results/oa222.result.gz
oa_hpf2_results/oa223.result.gz
oa_hpf2_results/oa224.result.gz
oa_hpf2_results/oa225.result.gz
oa_hpf2_results/oa226.result.gz
oa_hpf2_results/oa227.result.gz
oa_hpf2_results/oa228.result.gz
oa_hpf2_results/oa229.result.gz
oa_hpf2_results/oa230.result.gz
oa_hpf2_results/oa231.result.gz
oa_hpf2_results/oa232.result.gz
oa_hpf2_results/oa233.result.gz
oa_hpf2_results/oa234.result.gz
oa_hpf2_results/oa235.result.gz
oa_hpf2_results/oa236.result.gz
oa_hpf2_results/oa237.result.gz
oa_hpf2_results/oa238.result.gz
oa_hpf2_results/oa239.result.gz
oa_hpf2_results/oa240.result.gz
oa_hpf2_results/oa241.result.gz
oa_hpf2_results/oa242.result.gz
oa_hpf2_results/oa243.result.gz
oa_hpf2_results/oa244.result.gz
oa_hpf2_results/oa245.result.gz
oa_hpf2_results/oa246.result.gz
oa_hpf2_results/oa247.result.gz
oa_hpf2_results/oa248.result.gz
oa_hpf2_results/oa249.result.gz
oa_hpf2_results/oa250.result.gz
oa_hpf2_results/oa251.result.gz
oa_hpf2_results/oa252.result.gz
oa_hpf2_results/oa253.result.gz
oa_hpf2_results/oa254.result.gz
oa_hpf2_results/oa255.result.gz
oa_hpf2_results/oa256.result.gz
oa_hpf2_results/oa257.result.gz
oa_hpf2_results/oa258.result.gz
oa_hpf2_results/oa259.result.gz
oa_hpf2_results/oa260.result.gz
oa_hpf2_results/oa261.result.gz
oa_hpf2_results/oa262.result.gz
oa_hpf2_results/oa263.result.gz
oa_hpf2_results/oa264.result.gz
oa_hpf2_results/oa265.result.gz
oa_hpf2_results/oa266.result.gz
oa_hpf2_results/oa267.result.gz
oa_hpf2_results/oa268.result.gz
oa_hpf2_results/oa269.result.gz
oa_hpf2_results/oa270.result.gz
oa_hpf2_results/oa271.result.gz
oa_hpf2_results/oa272.result.gz
oa_hpf2_results/oa273.result.gz
oa_hpf2_results/oa274.result.gz
oa_hpf2_results/oa275.result.gz
oa_hpf2_results/oa276.result.gz
oa_hpf2_results/oa277.result.gz
oa_hpf2_results/oa278.result.gz
oa_hpf2_results/oa279.result.gz
oa_hpf2_results/oa280.result.gz
oa_hpf2_results/oa281.result.gz
oa_hpf2_results/oa282.result.gz
oa_hpf2_results/oa283.result.gz
oa_hpf2_results/oa284.result.gz
oa_hpf2_results/oa285.result.gz
oa_hpf2_results/oa286.result.gz
oa_hpf2_results/oa287.result.gz
oa_hpf2_results/oa288.result.gz
oa_hpf2_results/oa289.result.gz
oa_hpf2_results/oa290.result.gz
oa_hpf2_results/oa291.result.gz
oa_hpf2_results/oa292.result.gz
oa_hpf2_results/oa293.result.gz
oa_hpf2_results/oa294.result.gz
oa_hpf2_results/oa295.result.gz
oa_hpf2_results/oa296.result.gz
oa_hpf2_results/oa297.result.gz
oa_hpf2_results/oa298.result.gz
oa_hpf2_results/oa299.result.gz
oa_hpf2_results/oa300.result.gz
oa_hpf2_results/oa301.result.gz
oa_hpf2_results/oa302.result.gz
oa_hpf2_results/oa303.result.gz
oa_hpf2_results/oa304.result.gz
oa_hpf2_results/oa305.result.gz
oa_hpf2_results/oa306.result.gz
oa_hpf2_results/oa307.result.gz
oa_hpf2_results/oa308.result.gz
oa_hpf2_results/oa309.result.gz
oa_hpf2_results/oa310.result.gz
oa_hpf2_results/oa311.result.gz
oa_hpf2_results/oa312.result.gz
oa_hpf2_results/oa313.result.gz
oa_hpf2_results/oa314.result.gz
oa_hpf2_results/oa315.result.gz
oa_hpf2_results/oa316.result.gz
oa_hpf2_results/oa317.result.gz
oa_hpf2_results/oa318.result.gz
oa_hpf2_results/oa319.result.gz
oa_hpf2_results/oa320.result.gz
oa_hpf2_results/oa321.result.gz
oa_hpf2_results/oa322.result.gz
oa_hpf2_results/oa323.result.gz
oa_hpf2_results/oa324.result.gz
oa_hpf2_results/oa325.result.gz
oa_hpf2_results/oa326.result.gz
oa_hpf2_results/oa327.result.gz
oa_hpf2_results/oa328.result.gz
oa_hpf2_results/oa329.result.gz
oa_hpf2_results/oa330.result.gz
oa_hpf2_results/oa331.result.gz
oa_hpf2_results/oa332.result.gz
oa_hpf2_results/oa333.result.gz
oa_hpf2_results/oa334.result.gz
oa_hpf2_results/oa335.result.gz
oa_hpf2_results/oa336.result.gz
oa_hpf2_results/oa337.result.gz
oa_hpf2_results/oa338.result.gz
oa_hpf2_results/oa339.result.gz
oa_hpf2_results/oa340.result.gz
oa_hpf2_results/oa341.result.gz
oa_hpf2_results/oa342.result.gz
oa_hpf2_results/oa343.result.gz
oa_hpf2_results/oa344.result.gz
oa_hpf2_results/oa345.result.gz
oa_hpf2_results/oa346.result.gz
oa_hpf2_results/oa347.result.gz
oa_hpf2_results/oa348.result.gz
oa_hpf2_results/oa349.result.gz
oa_hpf2_results/oa350.result.gz
oa_hpf2_results/oa351.result.gz
oa_hpf2_results/oa352.result.gz
oa_hpf2_results/oa353.result.gz
oa_hpf2_results/oa354.result.gz
oa_hpf2_results/oa355.result.gz
oa_hpf2_results/oa356.result.gz
oa_hpf2_results/oa357.result.gz
oa_hpf2_results/oa358.result.gz
oa_hpf2_results/oa359.result.gz
oa_hpf2_results/oa360.result.gz
oa_hpf2_results/oa361.result.gz
oa_hpf2_results/oa362.result.gz
oa_hpf2_results/oa363.result.gz
oa_hpf2_results/oa364.result.gz
oa_hpf2_results/oa365.result.gz
oa_hpf2_results/oa366.result.gz
oa_hpf2_results/oa367.result.gz
oa_hpf2_results/oa368.result.gz
oa_hpf2_results/oa369.result.gz
oa_hpf2_results/oa370.result.gz
oa_hpf2_results/oa371.result.gz
oa_hpf2_results/oa372.result.gz
oa_hpf2_results/oa373.result.gz
oa_hpf2_results/oa374.result.gz
oa_hpf2_results/oa375.result.gz
oa_hpf2_results/oa376.result.gz
oa_hpf2_results/oa377.result.gz
oa_hpf2_results/oa378.result.gz
oa_hpf2_results/oa379.result.gz
oa_hpf2_results/oa380.result.gz
oa_hpf2_results/oa381.result.gz
oa_hpf2_results/oa382.result.gz
oa_hpf2_results/oa383.result.gz
oa_hpf2_results/oa384.result.gz
oa_hpf2_results/oa385.result.gz
oa_hpf2_results/oa386.result.gz
oa_hpf2_results/oa387.result.gz
oa_hpf2_results/oa388.result.gz
oa_hpf2_results/oa389.result.gz
oa_hpf2_results/oa390.result.gz
oa_hpf2_results/oa391.result.gz
oa_hpf2_results/oa392.result.gz
oa_hpf2_results/oa393.result.gz
oa_hpf2_results/oa394.result.gz
oa_hpf2_results/oa395.result.gz
oa_hpf2_results/oa396.result.gz
oa_hpf2_results/oa397.result.gz
oa_hpf2_results/oa398.result.gz
oa_hpf2_results/oa399.result.gz
oa_hpf2_results/oa400.result.gz
oa_hpf2_results/oa401.result.gz
oa_hpf2_results/oa402.result.gz
oa_hpf2_results/oa403.result.gz
oa_hpf2_results/oa404.result.gz
oa_hpf2_results/oa405.result.gz
oa_hpf2_results/oa406.result.gz
oa_hpf2_results/oa407.result.gz
oa_hpf2_results/oa408.result.gz
oa_hpf2_results/oa409.result.gz
oa_hpf2_results/oa410.result.gz
oa_hpf2_results/oa411.result.gz
oa_hpf2_results/oa412.result.gz
oa_hpf2_results/oa413.result.gz
oa_hpf2_results/oa414.result.gz
oa_hpf2_results/oa415.result.gz
oa_hpf2_results/oa416.result.gz
oa_hpf2_results/oa417.result.gz
oa_hpf2_results/oa418.result.gz
oa_hpf2_results/oa419.result.gz
oa_hpf2_results/oa420.result.gz
oa_hpf2_results/oa421.result.gz
oa_hpf2_results/oa422.result.gz
oa_hpf2_results/oa423.result.gz
oa_hpf2_results/oa424.result.gz
oa_hpf2_results/oa425.result.gz
oa_hpf2_results/oa426.result.gz
oa_hpf2_results/oa427.result.gz
oa_hpf2_results/oa428.result.gz
oa_hpf2_results/oa429.result.gz
oa_hpf2_results/oa430.result.gz
oa_hpf2_results/oa431.result.gz
oa_hpf2_results/oa432.result.gz
oa_hpf2_results/oa433.result.gz
oa_hpf2_results/oa434.result.gz
oa_hpf2_results/oa435.result.gz
oa_hpf2_results/oa436.result.gz
oa_hpf2_results/oa437.result.gz
oa_hpf2_results/oa438.result.gz
oa_hpf2_results/oa439.result.gz
oa_hpf2_results/oa440.result.gz
oa_hpf2_results/oa441.result.gz
oa_hpf2_results/oa442.result.gz
oa_hpf2_results/oa443.result.gz
oa_hpf2_results/oa444.result.gz
oa_hpf2_results/oa445.result.gz
oa_hpf2_results/oa446.result.gz
oa_hpf2_results/oa447.result.gz
oa_hpf2_results/oa448.result.gz
oa_hpf2_results/oa449.result.gz
oa_hpf2_results/oa450.result.gz
oa_hpf2_results/oa451.result.gz
oa_hpf2_results/oa452.result.gz
oa_hpf2_results/oa453.result.gz
oa_hpf2_results/oa454.result.gz
oa_hpf2_results/oa455.result.gz
oa_hpf2_results/oa456.result.gz
oa_hpf2_results/oa457.result.gz
oa_hpf2_results/oa458.result.gz
oa_hpf2_results/oa459.result.gz
oa_hpf2_results/oa460.result.gz
oa_hpf2_results/oa461.result.gz
oa_hpf2_results/oa462.result.gz
oa_hpf2_results/oa463.result.gz
oa_hpf2_results/oa464.result.gz
oa_hpf2_results/oa465.result.gz
oa_hpf2_results/oa466.result.gz
oa_hpf2_results/oa467.result.gz
oa_hpf2_results/oa468.result.gz
oa_hpf2_results/oa469.result.gz
oa_hpf2_results/oa470.result.gz
oa_hpf2_results/oa471.result.gz
oa_hpf2_results/oa472.result.gz
oa_hpf2_results/oa473.result.gz
oa_hpf2_results/oa474.result.gz
oa_hpf2_results/oa475.result.gz
oa_hpf2_results/oa476.result.gz
oa_hpf2_results/oa477.result.gz
oa_hpf2_results/oa478.result.gz
oa_hpf2_results/oa479.result.gz
oa_hpf2_results/oa480.result.gz
oa_hpf2_results/oa481.result.gz
oa_hpf2_results/oa482.result.gz
oa_hpf2_results/oa483.result.gz
oa_hpf2_results/oa484.result.gz
oa_hpf2_results/oa485.result.gz
oa_hpf2_results/oa486.result.gz
oa_hpf2_results/oa487.result.gz
oa_hpf2_results/oa488.result.gz
oa_hpf2_results/oa489.result.gz
oa_hpf2_results/oa490.result.gz
oa_hpf2_results/oa491.result.gz
oa_hpf2_results/oa492.result.gz
oa_hpf2_results/oa493.result.gz
oa_hpf2_results/oa494.result.gz
oa_hpf2_results/oa495.result.gz
oa_hpf2_results/oa496.result.gz
oa_hpf2_results/oa497.result.gz
oa_hpf2_results/oa498.result.gz
oa_hpf2_results/oa499.result.gz
oa_hpf2_results/oa500.result.gz
oa_hpf2_results/oa501.result.gz
oa_hpf2_results/oa502.result.gz
oa_hpf2_results/oa503.result.gz
oa_hpf2_results/oa504.result.gz
oa_hpf2_results/oa505.result.gz
oa_hpf2_results/oa506.result.gz
oa_hpf2_results/oa507.result.gz
oa_hpf2_results/oa508.result.gz
oa_hpf2_results/oa509.result.gz
oa_hpf2_results/oa510.result.gz
oa_hpf2_results/oa511.result.gz
oa_hpf2_results/oa512.result.gz
oa_hpf2_results/oa513.result.gz
oa_hpf2_results/oa514.result.gz
oa_hpf2_results/oa515.result.gz
oa_hpf2_results/oa516.result.gz
oa_hpf2_results/oa517.result.gz
oa_hpf2_results/oa518.result.gz
oa_hpf2_results/oa519.result.gz
oa_hpf2_results/oa520.result.gz
oa_hpf2_results/oa521.result.gz
oa_hpf2_results/oa522.result.gz
oa_hpf2_results/oa523.result.gz
oa_hpf2_results/oa524.result.gz
oa_hpf2_results/oa525.result.gz
oa_hpf2_results/oa526.result.gz
oa_hpf2_results/oa527.result.gz
oa_hpf2_results/oa528.result.gz
oa_hpf2_results/oa529.result.gz
oa_hpf2_results/oa530.result.gz
oa_hpf2_results/oa531.result.gz
oa_hpf2_results/oa532.result.gz
oa_hpf2_results/oa533.result.gz
oa_hpf2_results/oa534.result.gz
oa_hpf2_results/oa535.result.gz
oa_hpf2_results/oa536.result.gz
oa_hpf2_results/oa537.result.gz
oa_hpf2_results/oa538.result.gz
oa_hpf2_results/oa539.result.gz
oa_hpf2_results/oa540.result.gz
oa_hpf2_results/oa541.result.gz
oa_hpf2_results/oa542.result.gz
oa_hpf2_results/oa543.result.gz
oa_hpf2_results/oa544.result.gz
oa_hpf2_results/oa545.result.gz
oa_hpf2_results/oa546.result.gz
oa_hpf2_results/oa547.result.gz
oa_hpf2_results/oa548.result.gz
oa_hpf2_results/oa549.result.gz
oa_hpf2_results/oa550.result.gz
oa_hpf2_results/oa551.result.gz
oa_hpf2_results/oa552.result.gz
oa_hpf2_results/oa553.result.gz
oa_hpf2_results/oa554.result.gz
oa_hpf2_results/oa555.result.gz
oa_hpf2_results/oa556.result.gz
oa_hpf2_results/oa557.result.gz
oa_hpf2_results/oa558.result.gz
oa_hpf2_results/oa559.result.gz
oa_hpf2_results/oa560.result.gz
oa_hpf2_results/oa561.result.gz
oa_hpf2_results/oa562.result.gz
oa_hpf2_results/oa563.result.gz
oa_hpf2_results/oa564.result.gz
oa_hpf2_results/oa565.result.gz
oa_hpf2_results/oa566.result.gz
oa_hpf2_results/oa567.result.gz
oa_hpf2_results/oa568.result.gz
oa_hpf2_results/oa569.result.gz
oa_hpf2_results/oa570.result.gz
oa_hpf2_results/oa571.result.gz
oa_hpf2_results/oa572.result.gz
oa_hpf2_results/oa573.result.gz
oa_hpf2_results/oa574.result.gz
oa_hpf2_results/oa575.result.gz
oa_hpf2_results/oa576.result.gz
oa_hpf2_results/oa577.result.gz
oa_hpf2_results/oa578.result.gz
oa_hpf2_results/oa579.result.gz
oa_hpf2_results/oa580.result.gz
oa_hpf2_results/oa581.result.gz
oa_hpf2_results/oa582.result.gz
oa_hpf2_results/oa583.result.gz
oa_hpf2_results/oa584.result.gz
oa_hpf2_results/oa585.result.gz
oa_hpf2_results/oa586.result.gz
oa_hpf2_results/oa587.result.gz
oa_hpf2_results/oa588.result.gz
oa_hpf2_results/oa589.result.gz
oa_hpf2_results/oa590.result.gz
oa_hpf2_results/oa591.result.gz
oa_hpf2_results/oa592.result.gz
oa_hpf2_results/oa593.result.gz
oa_hpf2_results/oa594.result.gz
oa_hpf2_results/oa595.result.gz
oa_hpf2_results/oa596.result.gz
oa_hpf2_results/oa597.result.gz
oa_hpf2_results/oa598.result.gz
oa_hpf2_results/oa599.result.gz
oa_hpf2_results/oa600.result.gz
oa_hpf2_results/oa601.result.gz
oa_hpf2_results/oa602.result.gz
oa_hpf2_results/oa603.result.gz
oa_hpf2_results/oa604.result.gz
oa_hpf2_results/oa605.result.gz
oa_hpf2_results/oa606.result.gz
oa_hpf2_results/oa607.result.gz
oa_hpf2_results/oa608.result.gz
oa_hpf2_results/oa609.result.gz
oa_hpf2_results/oa610.result.gz
oa_hpf2_results/oa611.result.gz
oa_hpf2_results/oa612.result.gz
oa_hpf2_results/oa613.result.gz
oa_hpf2_results/oa614.result.gz
oa_hpf2_results/oa615.result.gz
oa_hpf2_results/oa616.result.gz
oa_hpf2_results/oa617.result.gz
oa_hpf2_results/oa618.result.gz
oa_hpf2_results/oa619.result.gz
oa_hpf2_results/oa620.result.gz
oa_hpf2_results/oa621.result.gz
oa_hpf2_results/oa622.result.gz
oa_hpf2_results/oa623.result.gz
oa_hpf2_results/oa624.result.gz
oa_hpf2_results/oa625.result.gz
oa_hpf2_results/oa626.result.gz
oa_hpf2_results/oa627.result.gz
oa_hpf2_results/oa628.result.gz
oa_hpf2_results/oa629.result.gz
oa_hpf2_results/oa630.result.gz
oa_hpf2_results/oa631.result.gz
oa_hpf2_results/oa632.result.gz
oa_hpf2_results/oa633.result.gz
oa_hpf2_results/oa634.result.gz
oa_hpf2_results/oa635.result.gz
oa_hpf2_results/oa636.result.gz
oa_hpf2_results/oa637.result.gz
oa_hpf2_results/oa638.result.gz
oa_hpf2_results/oa639.result.gz
oa_hpf2_results/oa640.result.gz
oa_hpf2_results/oa641.result.gz
oa_hpf2_results/oa642.result.gz
oa_hpf2_results/oa643.result.gz
oa_hpf2_results/oa644.result.gz
oa_hpf2_results/oa645.result.gz
oa_hpf2_results/oa646.result.gz
oa_hpf2_results/oa647.result.gz
oa_hpf2_results/oa648.result.gz
oa_hpf2_results/oa649.result.gz
oa_hpf2_results/oa650.result.gz
oa_hpf2_results/oa651.result.gz
oa_hpf2_results/oa652.result.gz
oa_hpf2_results/oa653.result.gz
oa_hpf2_results/oa654.result.gz
oa_hpf2_results/oa655.result.gz
oa_hpf2_results/oa656.result.gz
oa_hpf2_results/oa657.result.gz
oa_hpf2_results/oa658.result.gz
oa_hpf2_results/oa659.result.gz
oa_hpf2_results/oa660.result.gz
oa_hpf2_results/oa661.result.gz
oa_hpf2_results/oa662.result.gz
oa_hpf2_results/oa663.result.gz
oa_hpf2_results/oa664.result.gz
oa_hpf2_results/oa665.result.gz
oa_hpf2_results/oa666.result.gz
oa_hpf2_results/oa667.result.gz
oa_hpf2_results/oa668.result.gz
oa_hpf2_results/oa669.result.gz
oa_hpf2_results/oa670.result.gz
oa_hpf2_results/oa671.result.gz
oa_hpf2_results/oa672.result.gz
oa_hpf2_results/oa673.result.gz
oa_hpf2_results/oa674.result.gz
oa_hpf2_results/oa675.result.gz
oa_hpf2_results/oa676.result.gz
oa_hpf2_results/oa677.result.gz
oa_hpf2_results/oa678.result.gz
oa_hpf2_results/oa679.result.gz
oa_hpf2_results/oa680.result.gz
oa_hpf2_results/oa681.result.gz
oa_hpf2_results/oa682.result.gz
oa_hpf2_results/oa683.result.gz
oa_hpf2_results/oa684.result.gz
oa_hpf2_results/oa685.result.gz
oa_hpf2_results/oa686.result.gz
oa_hpf2_results/oa687.result.gz
oa_hpf2_results/oa688.result.gz
oa_hpf2_results/oa689.result.gz
oa_hpf2_results/oa690.result.gz
oa_hpf2_results/oa691.result.gz
oa_hpf2_results/oa692.result.gz
oa_hpf2_results/oa693.result.gz
oa_hpf2_results/oa694.result.gz
oa_hpf2_results/oa695.result.gz
oa_hpf2_results/oa696.result.gz
oa_hpf2_results/oa697.result.gz
oa_hpf2_results/oa698.result.gz
oa_hpf2_results/oa699.result.gz
oa_hpf2_results/oa700.result.gz
oa_hpf2_results/oa701.result.gz
oa_hpf2_results/oa702.result.gz
oa_hpf2_results/oa703.result.gz
oa_hpf2_results/oa704.result.gz
oa_hpf2_results/oa705.result.gz
oa_hpf2_results/oa706.result.gz
oa_hpf2_results/oa707.result.gz
oa_hpf2_results/oa708.result.gz
oa_hpf2_results/oa709.result.gz
oa_hpf2_results/oa710.result.gz
oa_hpf2_results/oa711.result.gz
oa_hpf2_results/oa712.result.gz
oa_hpf2_results/oa713.result.gz
oa_hpf2_results/oa714.result.gz
oa_hpf2_results/oa715.result.gz
oa_hpf2_results/oa716.result.gz
oa_hpf2_results/oa717.result.gz
oa_hpf2_results/oa718.result.gz
oa_hpf2_results/oa719.result.gz
oa_hpf2_results/oa720.result.gz
oa_hpf2_results/oa721.result.gz
oa_hpf2_results/oa722.result.gz
oa_hpf2_results/oa723.result.gz
oa_hpf2_results/oa724.result.gz
oa_hpf2_results/oa725.result.gz
oa_hpf2_results/oa726.result.gz
oa_hpf2_results/oa727.result.gz
oa_hpf2_results/oa728.result.gz
oa_hpf2_results/oa729.result.gz
oa_hpf2_results/oa730.result.gz
oa_hpf2_results/oa731.result.gz
oa_hpf2_results/oa732.result.gz
oa_hpf2_results/oa733.result.gz
oa_hpf2_results/oa734.result.gz
oa_hpf2_results/oa735.result.gz
oa_hpf2_results/oa736.result.gz
oa_hpf2_results/oa737.result.gz
oa_hpf2_results/oa738.result.gz
oa_hpf2_results/oa739.result.gz
oa_hpf2_results/oa740.result.gz
oa_hpf2_results/oa741.result.gz
oa_hpf2_results/oa742.result.gz
oa_hpf2_results/oa743.result.gz
oa_hpf2_results/oa744.result.gz
oa_hpf2_results/oa745.result.gz
oa_hpf2_results/oa746.result.gz
oa_hpf2_results/oa747.result.gz
oa_hpf2_results/oa748.result.gz
oa_hpf2_results/oa749.result.gz
oa_hpf2_results/oa750.result.gz
oa_hpf2_results/oa751.result.gz
oa_hpf2_results/oa752.result.gz
oa_hpf2_results/oa753.result.gz
oa_hpf2_results/oa754.result.gz
oa_hpf2_results/oa755.result.gz
oa_hpf2_results/oa756.result.gz
oa_hpf2_results/oa757.result.gz
oa_hpf2_results/oa758.result.gz
oa_hpf2_results/oa759.result.gz
oa_hpf2_results/oa760.result.gz
oa_hpf2_results/oa761.result.gz
oa_hpf2_results/oa762.result.gz
oa_hpf2_results/oa763.result.gz
oa_hpf2_results/oa764.result.gz
oa_hpf2_results/oa765.result.gz
oa_hpf2_results/oa766.result.gz
oa_hpf2_results/oa767.result.gz
oa_hpf2_results/oa768.result.gz
oa_hpf2_results/oa769.result.gz
oa_hpf2_results/oa770.result.gz
oa_hpf2_results/oa771.result.gz
oa_hpf2_results/oa772.result.gz
oa_hpf2_results/oa773.result.gz
oa_hpf2_results/oa774.result.gz
oa_hpf2_results/oa775.result.gz
oa_hpf2_results/oa776.result.gz
oa_hpf2_results/oa777.result.gz
oa_hpf2_results/oa778.result.gz
oa_hpf2_results/oa779.result.gz
oa_hpf2_results/oa780.result.gz
oa_hpf2_results/oa781.result.gz
oa_hpf2_results/oa782.result.gz
oa_hpf2_results/oa783.result.gz
oa_hpf2_results/oa784.result.gz
oa_hpf2_results/oa785.result.gz
oa_hpf2_results/oa786.result.gz
oa_hpf2_results/oa787.result.gz
oa_hpf2_results/oa788.result.gz
oa_hpf2_results/oa789.result.gz
oa_hpf2_results/oa790.result.gz
oa_hpf2_results/oa791.result.gz
oa_hpf2_results/oa792.result.gz
oa_hpf2_results/oa793.result.gz
oa_hpf2_results/oa794.result.gz
oa_hpf2_results/oa795.result.gz
oa_hpf2_results/oa796.result.gz
oa_hpf2_results/oa797.result.gz
oa_hpf2_results/oa798.result.gz
oa_hpf2_results/oa799.result.gz
oa_hpf2_results/oa800.result.gz
oa_hpf2_results/oa801.result.gz
oa_hpf2_results/oa802.result.gz
oa_hpf2_results/oa803.result.gz
oa_hpf2_results/oa804.result.gz
oa_hpf2_results/oa805.result.gz
oa_hpf2_results/oa806.result.gz
oa_hpf2_results/oa807.result.gz
oa_hpf2_results/oa808.result.gz
oa_hpf2_results/oa809.result.gz
oa_hpf2_results/oa810.result.gz
oa_hpf2_results/oa811.result.gz
oa_hpf2_results/oa812.result.gz
oa_hpf2_results/oa813.result.gz
oa_hpf2_results/oa814.result.gz
oa_hpf2_results/oa815.result.gz
oa_hpf2_results/oa816.result.gz
oa_hpf2_results/oa817.result.gz
oa_hpf2_results/oa818.result.gz
oa_hpf2_results/oa819.result.gz
oa_hpf2_results/oa820.result.gz
oa_hpf2_results/oa821.result.gz
oa_hpf2_results/oa822.result.gz
oa_hpf2_results/oa823.result.gz
oa_hpf2_results/oa824.result.gz
oa_hpf2_results/oa825.result.gz
oa_hpf2_results/oa826.result.gz
oa_hpf2_results/oa827.result.gz
oa_hpf2_results/oa828.result.gz
oa_hpf2_results/oa829.result.gz
oa_hpf2_results/oa830.result.gz
oa_hpf2_results/oa831.result.gz
oa_hpf2_results/oa832.result.gz
oa_hpf2_results/oa833.result.gz
oa_hpf2_results/oa834.result.gz
oa_hpf2_results/oa835.result.gz
oa_hpf2_results/oa836.result.gz
oa_hpf2_results/oa837.result.gz
oa_hpf2_results/oa838.result.gz
oa_hpf2_results/oa839.result.gz
oa_hpf2_results/oa840.result.gz
oa_hpf2_results/oa841.result.gz
oa_hpf2_results/oa842.result.gz
oa_hpf2_results/oa843.result.gz
oa_hpf2_results/oa844.result.gz
oa_hpf2_results/oa845.result.gz
oa_hpf2_results/oa846.result.gz
oa_hpf2_results/oa847.result.gz
oa_hpf2_results/oa848.result.gz
oa_hpf2_results/oa849.result.gz
oa_hpf2_results/oa850.result.gz
oa_hpf2_results/oa851.result.gz
oa_hpf2_results/oa852.result.gz
oa_hpf2_results/oa853.result.gz
oa_hpf2_results/oa854.result.gz
oa_hpf2_results/oa855.result.gz
oa_hpf2_results/oa856.result.gz
oa_hpf2_results/oa857.result.gz
oa_hpf2_results/oa858.result.gz
oa_hpf2_results/oa859.result.gz
oa_hpf2_results/oa860.result.gz
oa_hpf2_results/oa861.result.gz
oa_hpf2_results/oa862.result.gz
oa_hpf2_results/oa863.result.gz
oa_hpf2_results/oa864.result.gz
oa_hpf2_results/oa865.result.gz
oa_hpf2_results/oa866.result.gz
oa_hpf2_results/oa867.result.gz
oa_hpf2_results/oa868.result.gz
oa_hpf2_results/oa869.result.gz
oa_hpf2_results/oa870.result.gz
oa_hpf2_results/oa871.result.gz
oa_hpf2_results/oa872.result.gz
oa_hpf2_results/oa873.result.gz
oa_hpf2_results/oa874.result.gz
oa_hpf2_results/oa875.result.gz
oa_hpf2_results/oa876.result.gz
oa_hpf2_results/oa877.result.gz
oa_hpf2_results/oa878.result.gz
oa_hpf2_results/oa879.result.gz
oa_hpf2_results/oa880.result.gz
oa_hpf2_results/oa881.result.gz
oa_hpf2_results/oa882.result.gz
oa_hpf2_results/oa883.result.gz
oa_hpf2_results/oa884.result.gz
oa_hpf2_results/oa885.result.gz
oa_hpf2_results/oa886.result.gz
oa_hpf2_results/oa887.result.gz
oa_hpf2_results/oa888.result.gz
oa_hpf2_results/oa889.result.gz
oa_hpf2_results/oa890.result.gz
oa_hpf2_results/oa891.result.gz
oa_hpf2_results/oa892.result.gz
oa_hpf2_results/oa893.result.gz
oa_hpf2_results/oa894.result.gz
oa_hpf2_results/oa895.result.gz
oa_hpf2_results/oa896.result.gz
oa_hpf2_results/oa897.result.gz
oa_hpf2_results/oa898.result.gz
oa_hpf2_results/oa899.result.gz
oa_hpf2_results/oa900.result.gz
oa_hpf2_results/oa901.result.gz
oa_hpf2_results/oa902.result.gz
oa_hpf2_results/oa903.result.gz
oa_hpf2_results/oa904.result.gz
oa_hpf2_results/oa905.result.gz
oa_hpf2_results/oa906.result.gz
oa_hpf2_results/oa907.result.gz
oa_hpf2_results/oa908.result.gz
oa_hpf2_results/oa909.result.gz
oa_hpf2_results/oa910.result.gz
oa_hpf2_results/oa911.result.gz
oa_hpf2_results/oa912.result.gz
oa_hpf2_results/oa913.result.gz
oa_hpf2_results/oa914.result.gz
oa_hpf2_results/oa915.result.gz
oa_hpf2_results/oa916.result.gz
oa_hpf2_results/oa917.result.gz
oa_hpf2_results/oa918.result.gz
oa_hpf2_results/oa919.result.gz
oa_hpf2_results/oa920.result.gz
oa_hpf2_results/oa921.result.gz
oa_hpf2_results/oa922.result.gz
oa_hpf2_results/oa923.result.gz
oa_hpf2_results/oa924.result.gz
oa_hpf2_results/oa925.result.gz
oa_hpf2_results/oa926.result.gz
oa_hpf2_results/oa927.result.gz
oa_hpf2_results/oa928.result.gz
oa_hpf2_results/oa929.result.gz
oa_hpf2_results/oa930.result.gz
oa_hpf2_results/oa931.result.gz
oa_hpf2_results/oa932.result.gz
oa_hpf2_results/oa933.result.gz
oa_hpf2_results/oa934.result.gz
oa_hpf2_results/oa935.result.gz
oa_hpf2_results/oa936.result.gz
oa_hpf2_results/oa937.result.gz
oa_hpf2_results/oa938.result.gz
oa_hpf2_results/oa939.result.gz
oa_hpf2_results/oa940.result.gz
oa_hpf2_results/oa941.result.gz
oa_hpf2_results/oa942.result.gz
oa_hpf2_results/oa943.result.gz
oa_hpf2_results/oa944.result.gz
oa_hpf2_results/oa945.result.gz
oa_hpf2_results/oa946.result.gz
oa_hpf2_results/oa947.result.gz
oa_hpf2_results/oa948.result.gz
oa_hpf2_results/oa949.result.gz
oa_hpf2_results/oa950.result.gz
oa_hpf2_results/oa951.result.gz
oa_hpf2_results/oa952.result.gz
oa_hpf2_results/oa953.result.gz
oa_hpf2_results/oa954.result.gz
oa_hpf2_results/oa955.result.gz
oa_hpf2_results/oa956.result.gz
oa_hpf2_results/oa957.result.gz
oa_hpf2_results/oa958.result.gz
oa_hpf2_results/oa959.result.gz
oa_hpf2_results/oa960.result.gz
oa_hpf2_results/oa961.result.gz
oa_hpf2_results/oa962.result.gz
oa_hpf2_results/oa963.result.gz
oa_hpf2_results/oa964.result.gz
oa_hpf2_results/oa965.result.gz
oa_hpf2_results/oa966.result.gz
oa_hpf2_results/oa967.result.gz
oa_hpf2_results/oa968.result.gz
oa_hpf2_results/oa969.result.gz
oa_hpf2_results/oa970.result.gz
oa_hpf2_results/oa971.result.gz
oa_hpf2_results/oa972.result.gz
oa_hpf2_results/oa973.result.gz
oa_hpf2_results/oa974.result.gz
oa_hpf2_results/oa975.result.gz
oa_hpf2_results/oa976.result.gz
oa_hpf2_results/oa977.result.gz
oa_hpf2_results/oa978.result.gz
oa_hpf2_results/oa979.result.gz
oa_hpf2_results/oa980.result.gz
oa_hpf2_results/oa981.result.gz
oa_hpf2_results/oa982.result.gz
oa_hpf2_results/oa983.result.gz
oa_hpf2_results/oa984.result.gz
oa_hpf2_results/oa985.result.gz
oa_hpf2_results/oa986.result.gz
oa_hpf2_results/oa987.result.gz
oa_hpf2_results/oa988.result.gz
oa_hpf2_results/oa989.result.gz
oa_hpf2_results/oa990.result.gz
oa_hpf2_results/oa991.result.gz
oa_hpf2_results/oa992.result.gz
oa_hpf2_results/oa993.result.gz
oa_hpf2_results/oa994.result.gz
oa_hpf2_results/oa995.result.gz
oa_hpf2_results/oa996.result.gz
oa_hpf2_results/oa997.result.gz
oa_hpf2_results/oa998.result.gz
oa_hpf2_results/oa999.result.gz
ob_hpf2_results/
ob_hpf2_results/md5sums.txt
ob_hpf2_results/ob000.result.gz
ob_hpf2_results/ob001.result.gz
ob_hpf2_results/ob002.result.gz
ob_hpf2_results/ob003.result.gz
ob_hpf2_results/ob004.result.gz
ob_hpf2_results/ob005.result.gz
ob_hpf2_results/ob006.result.gz
ob_hpf2_results/ob007.result.gz
ob_hpf2_results/ob008.result.gz
ob_hpf2_results/ob009.result.gz
ob_hpf2_results/ob010.result.gz
ob_hpf2_results/ob011.result.gz
ob_hpf2_results/ob012.result.gz
ob_hpf2_results/ob013.result.gz
ob_hpf2_results/ob014.result.gz
ob_hpf2_results/ob015.result.gz
ob_hpf2_results/ob016.result.gz
ob_hpf2_results/ob017.result.gz
ob_hpf2_results/ob018.result.gz
ob_hpf2_results/ob019.result.gz
ob_hpf2_results/ob020.result.gz
ob_hpf2_results/ob021.result.gz
ob_hpf2_results/ob022.result.gz
ob_hpf2_results/ob023.result.gz
ob_hpf2_results/ob024.result.gz
ob_hpf2_results/ob025.result.gz
ob_hpf2_results/ob026.result.gz
ob_hpf2_results/ob027.result.gz
ob_hpf2_results/ob028.result.gz
ob_hpf2_results/ob029.result.gz
ob_hpf2_results/ob030.result.gz
ob_hpf2_results/ob031.result.gz
ob_hpf2_results/ob032.result.gz
ob_hpf2_results/ob033.result.gz
ob_hpf2_results/ob034.result.gz
ob_hpf2_results/ob035.result.gz
ob_hpf2_results/ob036.result.gz
ob_hpf2_results/ob037.result.gz
ob_hpf2_results/ob038.result.gz
ob_hpf2_results/ob039.result.gz
ob_hpf2_results/ob040.result.gz
ob_hpf2_results/ob041.result.gz
ob_hpf2_results/ob042.result.gz
ob_hpf2_results/ob043.result.gz
ob_hpf2_results/ob044.result.gz
ob_hpf2_results/ob045.result.gz
ob_hpf2_results/ob046.result.gz
ob_hpf2_results/ob047.result.gz
ob_hpf2_results/ob048.result.gz
ob_hpf2_results/ob049.result.gz
ob_hpf2_results/ob050.result.gz
ob_hpf2_results/ob051.result.gz
ob_hpf2_results/ob052.result.gz
ob_hpf2_results/ob053.result.gz
ob_hpf2_results/ob054.result.gz
ob_hpf2_results/ob055.result.gz
ob_hpf2_results/ob056.result.gz
ob_hpf2_results/ob057.result.gz
ob_hpf2_results/ob058.result.gz
ob_hpf2_results/ob059.result.gz
ob_hpf2_results/ob060.result.gz
ob_hpf2_results/ob061.result.gz
ob_hpf2_results/ob062.result.gz
ob_hpf2_results/ob063.result.gz
ob_hpf2_results/ob064.result.gz
ob_hpf2_results/ob065.result.gz
ob_hpf2_results/ob066.result.gz
ob_hpf2_results/ob067.result.gz
ob_hpf2_results/ob068.result.gz
ob_hpf2_results/ob069.result.gz
ob_hpf2_results/ob070.result.gz
ob_hpf2_results/ob071.result.gz
ob_hpf2_results/ob072.result.gz
ob_hpf2_results/ob073.result.gz
ob_hpf2_results/ob074.result.gz
ob_hpf2_results/ob075.result.gz
ob_hpf2_results/ob076.result.gz
ob_hpf2_results/ob077.result.gz
ob_hpf2_results/ob078.result.gz
ob_hpf2_results/ob079.result.gz
ob_hpf2_results/ob080.result.gz
ob_hpf2_results/ob081.result.gz
ob_hpf2_results/ob082.result.gz
ob_hpf2_results/ob083.result.gz
ob_hpf2_results/ob084.result.gz
ob_hpf2_results/ob085.result.gz
ob_hpf2_results/ob086.result.gz
ob_hpf2_results/ob087.result.gz
ob_hpf2_results/ob088.result.gz
ob_hpf2_results/ob089.result.gz
ob_hpf2_results/ob090.result.gz
ob_hpf2_results/ob091.result.gz
ob_hpf2_results/ob092.result.gz
ob_hpf2_results/ob093.result.gz
ob_hpf2_results/ob094.result.gz
ob_hpf2_results/ob095.result.gz
ob_hpf2_results/ob096.result.gz
ob_hpf2_results/ob097.result.gz
ob_hpf2_results/ob098.result.gz
ob_hpf2_results/ob099.result.gz
ob_hpf2_results/ob100.result.gz
ob_hpf2_results/ob101.result.gz
ob_hpf2_results/ob102.result.gz
ob_hpf2_results/ob103.result.gz
ob_hpf2_results/ob104.result.gz
ob_hpf2_results/ob105.result.gz
ob_hpf2_results/ob106.result.gz
ob_hpf2_results/ob107.result.gz
ob_hpf2_results/ob108.result.gz
ob_hpf2_results/ob109.result.gz
ob_hpf2_results/ob110.result.gz
ob_hpf2_results/ob111.result.gz
ob_hpf2_results/ob112.result.gz
ob_hpf2_results/ob113.result.gz
ob_hpf2_results/ob114.result.gz
ob_hpf2_results/ob115.result.gz
ob_hpf2_results/ob116.result.gz
ob_hpf2_results/ob117.result.gz
ob_hpf2_results/ob118.result.gz
ob_hpf2_results/ob119.result.gz
ob_hpf2_results/ob120.result.gz
ob_hpf2_results/ob121.result.gz
ob_hpf2_results/ob122.result.gz
ob_hpf2_results/ob123.result.gz
ob_hpf2_results/ob124.result.gz
ob_hpf2_results/ob125.result.gz
ob_hpf2_results/ob126.result.gz
ob_hpf2_results/ob127.result.gz
ob_hpf2_results/ob128.result.gz
ob_hpf2_results/ob129.result.gz
ob_hpf2_results/ob130.result.gz
ob_hpf2_results/ob131.result.gz
ob_hpf2_results/ob132.result.gz
ob_hpf2_results/ob133.result.gz
ob_hpf2_results/ob134.result.gz
ob_hpf2_results/ob135.result.gz
ob_hpf2_results/ob136.result.gz
ob_hpf2_results/ob137.result.gz
ob_hpf2_results/ob138.result.gz
ob_hpf2_results/ob139.result.gz
ob_hpf2_results/ob140.result.gz
ob_hpf2_results/ob141.result.gz
ob_hpf2_results/ob142.result.gz
ob_hpf2_results/ob143.result.gz
ob_hpf2_results/ob144.result.gz
ob_hpf2_results/ob145.result.gz
ob_hpf2_results/ob146.result.gz
ob_hpf2_results/ob147.result.gz
ob_hpf2_results/ob148.result.gz
ob_hpf2_results/ob149.result.gz
ob_hpf2_results/ob150.result.gz
ob_hpf2_results/ob151.result.gz
ob_hpf2_results/ob152.result.gz
ob_hpf2_results/ob153.result.gz
ob_hpf2_results/ob154.result.gz
ob_hpf2_results/ob155.result.gz
ob_hpf2_results/ob156.result.gz
ob_hpf2_results/ob157.result.gz
ob_hpf2_results/ob158.result.gz
ob_hpf2_results/ob159.result.gz
ob_hpf2_results/ob160.result.gz
ob_hpf2_results/ob161.result.gz
ob_hpf2_results/ob162.result.gz
ob_hpf2_results/ob163.result.gz
ob_hpf2_results/ob164.result.gz
ob_hpf2_results/ob165.result.gz
ob_hpf2_results/ob166.result.gz
ob_hpf2_results/ob167.result.gz
ob_hpf2_results/ob168.result.gz
ob_hpf2_results/ob169.result.gz
ob_hpf2_results/ob170.result.gz
ob_hpf2_results/ob171.result.gz
ob_hpf2_results/ob172.result.gz
ob_hpf2_results/ob173.result.gz
ob_hpf2_results/ob174.result.gz
ob_hpf2_results/ob175.result.gz
ob_hpf2_results/ob176.result.gz
ob_hpf2_results/ob177.result.gz
ob_hpf2_results/ob178.result.gz
ob_hpf2_results/ob179.result.gz
ob_hpf2_results/ob180.result.gz
ob_hpf2_results/ob181.result.gz
ob_hpf2_results/ob182.result.gz
ob_hpf2_results/ob183.result.gz
ob_hpf2_results/ob184.result.gz
ob_hpf2_results/ob185.result.gz
ob_hpf2_results/ob186.result.gz
ob_hpf2_results/ob187.result.gz
ob_hpf2_results/ob188.result.gz
ob_hpf2_results/ob189.result.gz
ob_hpf2_results/ob190.result.gz
ob_hpf2_results/ob191.result.gz
ob_hpf2_results/ob192.result.gz
ob_hpf2_results/ob193.result.gz
ob_hpf2_results/ob194.result.gz
ob_hpf2_results/ob195.result.gz
ob_hpf2_results/ob196.result.gz
ob_hpf2_results/ob197.result.gz
ob_hpf2_results/ob198.result.gz
ob_hpf2_results/ob199.result.gz
ob_hpf2_results/ob200.result.gz
ob_hpf2_results/ob201.result.gz
ob_hpf2_results/ob202.result.gz
ob_hpf2_results/ob203.result.gz
ob_hpf2_results/ob204.result.gz
ob_hpf2_results/ob205.result.gz
ob_hpf2_results/ob206.result.gz
ob_hpf2_results/ob207.result.gz
ob_hpf2_results/ob208.result.gz
ob_hpf2_results/ob209.result.gz
ob_hpf2_results/ob210.result.gz
ob_hpf2_results/ob211.result.gz
ob_hpf2_results/ob212.result.gz
ob_hpf2_results/ob213.result.gz
ob_hpf2_results/ob214.result.gz
ob_hpf2_results/ob215.result.gz
ob_hpf2_results/ob216.result.gz
ob_hpf2_results/ob217.result.gz
ob_hpf2_results/ob218.result.gz
ob_hpf2_results/ob219.result.gz
ob_hpf2_results/ob220.result.gz
ob_hpf2_results/ob221.result.gz
ob_hpf2_results/ob222.result.gz
ob_hpf2_results/ob223.result.gz
ob_hpf2_results/ob224.result.gz
ob_hpf2_results/ob225.result.gz
ob_hpf2_results/ob226.result.gz
ob_hpf2_results/ob227.result.gz
ob_hpf2_results/ob228.result.gz
ob_hpf2_results/ob229.result.gz
ob_hpf2_results/ob230.result.gz
ob_hpf2_results/ob231.result.gz
ob_hpf2_results/ob232.result.gz
ob_hpf2_results/ob233.result.gz
ob_hpf2_results/ob234.result.gz
ob_hpf2_results/ob235.result.gz
ob_hpf2_results/ob236.result.gz
ob_hpf2_results/ob237.result.gz
ob_hpf2_results/ob238.result.gz
ob_hpf2_results/ob239.result.gz
ob_hpf2_results/ob240.result.gz
ob_hpf2_results/ob241.result.gz
ob_hpf2_results/ob242.result.gz
ob_hpf2_results/ob243.result.gz
ob_hpf2_results/ob244.result.gz
ob_hpf2_results/ob245.result.gz
ob_hpf2_results/ob246.result.gz
ob_hpf2_results/ob247.result.gz
ob_hpf2_results/ob248.result.gz
ob_hpf2_results/ob249.result.gz
ob_hpf2_results/ob250.result.gz
ob_hpf2_results/ob251.result.gz
ob_hpf2_results/ob252.result.gz
ob_hpf2_results/ob253.result.gz
ob_hpf2_results/ob254.result.gz
ob_hpf2_results/ob255.result.gz
ob_hpf2_results/ob256.result.gz
ob_hpf2_results/ob257.result.gz
ob_hpf2_results/ob258.result.gz
ob_hpf2_results/ob259.result.gz
ob_hpf2_results/ob260.result.gz
ob_hpf2_results/ob261.result.gz
ob_hpf2_results/ob262.result.gz
ob_hpf2_results/ob263.result.gz
ob_hpf2_results/ob264.result.gz
ob_hpf2_results/ob265.result.gz
ob_hpf2_results/ob266.result.gz
ob_hpf2_results/ob267.result.gz
ob_hpf2_results/ob268.result.gz
ob_hpf2_results/ob269.result.gz
ob_hpf2_results/ob270.result.gz
ob_hpf2_results/ob271.result.gz
ob_hpf2_results/ob272.result.gz
ob_hpf2_results/ob273.result.gz
ob_hpf2_results/ob274.result.gz
ob_hpf2_results/ob275.result.gz
ob_hpf2_results/ob276.result.gz
ob_hpf2_results/ob277.result.gz
ob_hpf2_results/ob278.result.gz
ob_hpf2_results/ob279.result.gz
ob_hpf2_results/ob280.result.gz
ob_hpf2_results/ob281.result.gz
ob_hpf2_results/ob282.result.gz
ob_hpf2_results/ob283.result.gz
ob_hpf2_results/ob284.result.gz
ob_hpf2_results/ob285.result.gz
ob_hpf2_results/ob286.result.gz
ob_hpf2_results/ob287.result.gz
ob_hpf2_results/ob288.result.gz
ob_hpf2_results/ob289.result.gz
ob_hpf2_results/ob290.result.gz
ob_hpf2_results/ob291.result.gz
ob_hpf2_results/ob292.result.gz
ob_hpf2_results/ob293.result.gz
ob_hpf2_results/ob294.result.gz
ob_hpf2_results/ob295.result.gz
ob_hpf2_results/ob296.result.gz
ob_hpf2_results/ob297.result.gz
ob_hpf2_results/ob298.result.gz
ob_hpf2_results/ob299.result.gz
ob_hpf2_results/ob300.result.gz
ob_hpf2_results/ob301.result.gz
ob_hpf2_results/ob302.result.gz
ob_hpf2_results/ob303.result.gz
ob_hpf2_results/ob304.result.gz
ob_hpf2_results/ob305.result.gz
ob_hpf2_results/ob306.result.gz
ob_hpf2_results/ob307.result.gz
ob_hpf2_results/ob308.result.gz
ob_hpf2_results/ob309.result.gz
ob_hpf2_results/ob310.result.gz
ob_hpf2_results/ob311.result.gz
ob_hpf2_results/ob312.result.gz
ob_hpf2_results/ob313.result.gz
ob_hpf2_results/ob314.result.gz
ob_hpf2_results/ob315.result.gz
ob_hpf2_results/ob316.result.gz
ob_hpf2_results/ob317.result.gz
ob_hpf2_results/ob318.result.gz
ob_hpf2_results/ob319.result.gz
ob_hpf2_results/ob320.result.gz
ob_hpf2_results/ob321.result.gz
ob_hpf2_results/ob322.result.gz
ob_hpf2_results/ob323.result.gz
ob_hpf2_results/ob324.result.gz
ob_hpf2_results/ob325.result.gz
ob_hpf2_results/ob326.result.gz
ob_hpf2_results/ob327.result.gz
ob_hpf2_results/ob328.result.gz
ob_hpf2_results/ob329.result.gz
ob_hpf2_results/ob330.result.gz
ob_hpf2_results/ob331.result.gz
ob_hpf2_results/ob332.result.gz
ob_hpf2_results/ob333.result.gz
ob_hpf2_results/ob334.result.gz
ob_hpf2_results/ob335.result.gz
ob_hpf2_results/ob336.result.gz
ob_hpf2_results/ob337.result.gz
ob_hpf2_results/ob338.result.gz
ob_hpf2_results/ob339.result.gz
ob_hpf2_results/ob340.result.gz
ob_hpf2_results/ob341.result.gz
ob_hpf2_results/ob342.result.gz
ob_hpf2_results/ob343.result.gz
ob_hpf2_results/ob344.result.gz
ob_hpf2_results/ob345.result.gz
ob_hpf2_results/ob346.result.gz
ob_hpf2_results/ob347.result.gz
ob_hpf2_results/ob348.result.gz
ob_hpf2_results/ob349.result.gz
ob_hpf2_results/ob350.result.gz
ob_hpf2_results/ob351.result.gz
ob_hpf2_results/ob352.result.gz
ob_hpf2_results/ob353.result.gz
ob_hpf2_results/ob354.result.gz
ob_hpf2_results/ob355.result.gz
ob_hpf2_results/ob356.result.gz
ob_hpf2_results/ob357.result.gz
ob_hpf2_results/ob358.result.gz
ob_hpf2_results/ob359.result.gz
ob_hpf2_results/ob360.result.gz
ob_hpf2_results/ob361.result.gz
ob_hpf2_results/ob362.result.gz
ob_hpf2_results/ob363.result.gz
ob_hpf2_results/ob364.result.gz
ob_hpf2_results/ob365.result.gz
ob_hpf2_results/ob366.result.gz
ob_hpf2_results/ob367.result.gz
ob_hpf2_results/ob368.result.gz
ob_hpf2_results/ob369.result.gz
ob_hpf2_results/ob370.result.gz
ob_hpf2_results/ob371.result.gz
ob_hpf2_results/ob372.result.gz
ob_hpf2_results/ob373.result.gz
ob_hpf2_results/ob374.result.gz
ob_hpf2_results/ob375.result.gz
ob_hpf2_results/ob376.result.gz
ob_hpf2_results/ob377.result.gz
ob_hpf2_results/ob378.result.gz
ob_hpf2_results/ob379.result.gz
ob_hpf2_results/ob380.result.gz
ob_hpf2_results/ob381.result.gz
ob_hpf2_results/ob382.result.gz
ob_hpf2_results/ob383.result.gz
ob_hpf2_results/ob384.result.gz
ob_hpf2_results/ob385.result.gz
ob_hpf2_results/ob386.result.gz
ob_hpf2_results/ob387.result.gz
ob_hpf2_results/ob388.result.gz
ob_hpf2_results/ob389.result.gz
ob_hpf2_results/ob390.result.gz
ob_hpf2_results/ob391.result.gz
ob_hpf2_results/ob392.result.gz
ob_hpf2_results/ob393.result.gz
ob_hpf2_results/ob394.result.gz
ob_hpf2_results/ob395.result.gz
ob_hpf2_results/ob396.result.gz
ob_hpf2_results/ob397.result.gz
ob_hpf2_results/ob398.result.gz
ob_hpf2_results/ob399.result.gz
ob_hpf2_results/ob400.result.gz
ob_hpf2_results/ob401.result.gz
ob_hpf2_results/ob402.result.gz
ob_hpf2_results/ob403.result.gz
ob_hpf2_results/ob404.result.gz
ob_hpf2_results/ob405.result.gz
ob_hpf2_results/ob406.result.gz
ob_hpf2_results/ob407.result.gz
ob_hpf2_results/ob408.result.gz
ob_hpf2_results/ob409.result.gz
ob_hpf2_results/ob410.result.gz
ob_hpf2_results/ob411.result.gz
ob_hpf2_results/ob412.result.gz
ob_hpf2_results/ob413.result.gz
ob_hpf2_results/ob414.result.gz
ob_hpf2_results/ob415.result.gz
ob_hpf2_results/ob416.result.gz
ob_hpf2_results/ob417.result.gz
ob_hpf2_results/ob418.result.gz
ob_hpf2_results/ob419.result.gz
ob_hpf2_results/ob420.result.gz
ob_hpf2_results/ob421.result.gz
ob_hpf2_results/ob422.result.gz
ob_hpf2_results/ob423.result.gz
ob_hpf2_results/ob424.result.gz
ob_hpf2_results/ob425.result.gz
ob_hpf2_results/ob426.result.gz
ob_hpf2_results/ob427.result.gz
ob_hpf2_results/ob428.result.gz
ob_hpf2_results/ob429.result.gz
ob_hpf2_results/ob430.result.gz
ob_hpf2_results/ob431.result.gz
ob_hpf2_results/ob432.result.gz
ob_hpf2_results/ob433.result.gz
ob_hpf2_results/ob434.result.gz
ob_hpf2_results/ob435.result.gz
ob_hpf2_results/ob436.result.gz
ob_hpf2_results/ob437.result.gz
ob_hpf2_results/ob438.result.gz
ob_hpf2_results/ob439.result.gz
ob_hpf2_results/ob440.result.gz
ob_hpf2_results/ob441.result.gz
ob_hpf2_results/ob442.result.gz
ob_hpf2_results/ob443.result.gz
ob_hpf2_results/ob444.result.gz
ob_hpf2_results/ob445.result.gz
ob_hpf2_results/ob446.result.gz
ob_hpf2_results/ob447.result.gz
ob_hpf2_results/ob448.result.gz
ob_hpf2_results/ob449.result.gz
ob_hpf2_results/ob450.result.gz
ob_hpf2_results/ob451.result.gz
ob_hpf2_results/ob452.result.gz
ob_hpf2_results/ob453.result.gz
ob_hpf2_results/ob454.result.gz
ob_hpf2_results/ob455.result.gz
ob_hpf2_results/ob456.result.gz
ob_hpf2_results/ob457.result.gz
ob_hpf2_results/ob458.result.gz
ob_hpf2_results/ob459.result.gz
ob_hpf2_results/ob460.result.gz
ob_hpf2_results/ob461.result.gz
ob_hpf2_results/ob462.result.gz
ob_hpf2_results/ob463.result.gz
ob_hpf2_results/ob464.result.gz
ob_hpf2_results/ob465.result.gz
ob_hpf2_results/ob466.result.gz
ob_hpf2_results/ob467.result.gz
ob_hpf2_results/ob468.result.gz
ob_hpf2_results/ob469.result.gz
ob_hpf2_results/ob470.result.gz
ob_hpf2_results/ob471.result.gz
ob_hpf2_results/ob472.result.gz
ob_hpf2_results/ob473.result.gz
ob_hpf2_results/ob474.result.gz
ob_hpf2_results/ob475.result.gz
ob_hpf2_results/ob476.result.gz
ob_hpf2_results/ob477.result.gz
ob_hpf2_results/ob478.result.gz
ob_hpf2_results/ob479.result.gz
ob_hpf2_results/ob480.result.gz
ob_hpf2_results/ob481.result.gz
ob_hpf2_results/ob482.result.gz
ob_hpf2_results/ob483.result.gz
ob_hpf2_results/ob484.result.gz
ob_hpf2_results/ob485.result.gz
ob_hpf2_results/ob486.result.gz
ob_hpf2_results/ob487.result.gz
ob_hpf2_results/ob488.result.gz
ob_hpf2_results/ob489.result.gz
ob_hpf2_results/ob490.result.gz
ob_hpf2_results/ob491.result.gz
ob_hpf2_results/ob492.result.gz
ob_hpf2_results/ob493.result.gz
ob_hpf2_results/ob494.result.gz
ob_hpf2_results/ob495.result.gz
ob_hpf2_results/ob496.result.gz
ob_hpf2_results/ob497.result.gz
ob_hpf2_results/ob498.result.gz
ob_hpf2_results/ob499.result.gz
ob_hpf2_results/ob500.result.gz
ob_hpf2_results/ob501.result.gz
ob_hpf2_results/ob502.result.gz
ob_hpf2_results/ob503.result.gz
ob_hpf2_results/ob504.result.gz
ob_hpf2_results/ob505.result.gz
ob_hpf2_results/ob506.result.gz
ob_hpf2_results/ob507.result.gz
ob_hpf2_results/ob508.result.gz
ob_hpf2_results/ob509.result.gz
ob_hpf2_results/ob510.result.gz
ob_hpf2_results/ob511.result.gz
ob_hpf2_results/ob512.result.gz
ob_hpf2_results/ob513.result.gz
ob_hpf2_results/ob514.result.gz
ob_hpf2_results/ob515.result.gz
ob_hpf2_results/ob516.result.gz
ob_hpf2_results/ob517.result.gz
ob_hpf2_results/ob518.result.gz
ob_hpf2_results/ob519.result.gz
ob_hpf2_results/ob520.result.gz
ob_hpf2_results/ob521.result.gz
ob_hpf2_results/ob522.result.gz
ob_hpf2_results/ob523.result.gz
ob_hpf2_results/ob524.result.gz
ob_hpf2_results/ob525.result.gz
ob_hpf2_results/ob526.result.gz
ob_hpf2_results/ob527.result.gz
ob_hpf2_results/ob528.result.gz
ob_hpf2_results/ob529.result.gz
ob_hpf2_results/ob530.result.gz
ob_hpf2_results/ob531.result.gz
ob_hpf2_results/ob532.result.gz
ob_hpf2_results/ob533.result.gz
ob_hpf2_results/ob534.result.gz
ob_hpf2_results/ob535.result.gz
ob_hpf2_results/ob536.result.gz
ob_hpf2_results/ob537.result.gz
ob_hpf2_results/ob538.result.gz
ob_hpf2_results/ob539.result.gz
ob_hpf2_results/ob540.result.gz
ob_hpf2_results/ob541.result.gz
ob_hpf2_results/ob542.result.gz
ob_hpf2_results/ob543.result.gz
ob_hpf2_results/ob544.result.gz
ob_hpf2_results/ob545.result.gz
ob_hpf2_results/ob546.result.gz
ob_hpf2_results/ob547.result.gz
ob_hpf2_results/ob548.result.gz
ob_hpf2_results/ob549.result.gz
ob_hpf2_results/ob550.result.gz
ob_hpf2_results/ob551.result.gz
ob_hpf2_results/ob552.result.gz
ob_hpf2_results/ob553.result.gz
ob_hpf2_results/ob554.result.gz
ob_hpf2_results/ob555.result.gz
ob_hpf2_results/ob556.result.gz
ob_hpf2_results/ob557.result.gz
ob_hpf2_results/ob558.result.gz
ob_hpf2_results/ob559.result.gz
ob_hpf2_results/ob560.result.gz
ob_hpf2_results/ob561.result.gz
ob_hpf2_results/ob562.result.gz
ob_hpf2_results/ob563.result.gz
ob_hpf2_results/ob564.result.gz
ob_hpf2_results/ob565.result.gz
ob_hpf2_results/ob566.result.gz
ob_hpf2_results/ob567.result.gz
ob_hpf2_results/ob568.result.gz
ob_hpf2_results/ob569.result.gz
ob_hpf2_results/ob570.result.gz
ob_hpf2_results/ob571.result.gz
ob_hpf2_results/ob572.result.gz
ob_hpf2_results/ob573.result.gz
ob_hpf2_results/ob574.result.gz
ob_hpf2_results/ob575.result.gz
ob_hpf2_results/ob576.result.gz
ob_hpf2_results/ob577.result.gz
ob_hpf2_results/ob578.result.gz
ob_hpf2_results/ob579.result.gz
ob_hpf2_results/ob580.result.gz
ob_hpf2_results/ob581.result.gz
ob_hpf2_results/ob582.result.gz
ob_hpf2_results/ob583.result.gz
ob_hpf2_results/ob584.result.gz
ob_hpf2_results/ob585.result.gz
ob_hpf2_results/ob586.result.gz
ob_hpf2_results/ob587.result.gz
ob_hpf2_results/ob588.result.gz
ob_hpf2_results/ob589.result.gz
ob_hpf2_results/ob590.result.gz
ob_hpf2_results/ob591.result.gz
ob_hpf2_results/ob592.result.gz
ob_hpf2_results/ob593.result.gz
ob_hpf2_results/ob594.result.gz
ob_hpf2_results/ob595.result.gz
ob_hpf2_results/ob596.result.gz
ob_hpf2_results/ob597.result.gz
ob_hpf2_results/ob598.result.gz
ob_hpf2_results/ob599.result.gz
ob_hpf2_results/ob600.result.gz
ob_hpf2_results/ob601.result.gz
ob_hpf2_results/ob602.result.gz
ob_hpf2_results/ob603.result.gz
ob_hpf2_results/ob604.result.gz
ob_hpf2_results/ob605.result.gz
ob_hpf2_results/ob606.result.gz
ob_hpf2_results/ob607.result.gz
ob_hpf2_results/ob608.result.gz
ob_hpf2_results/ob609.result.gz
ob_hpf2_results/ob610.result.gz
ob_hpf2_results/ob611.result.gz
ob_hpf2_results/ob612.result.gz
ob_hpf2_results/ob613.result.gz
ob_hpf2_results/ob614.result.gz
ob_hpf2_results/ob615.result.gz
ob_hpf2_results/ob616.result.gz
ob_hpf2_results/ob617.result.gz
ob_hpf2_results/ob618.result.gz
ob_hpf2_results/ob619.result.gz
ob_hpf2_results/ob620.result.gz
ob_hpf2_results/ob621.result.gz
ob_hpf2_results/ob622.result.gz
ob_hpf2_results/ob623.result.gz
ob_hpf2_results/ob624.result.gz
ob_hpf2_results/ob625.result.gz
ob_hpf2_results/ob626.result.gz
ob_hpf2_results/ob627.result.gz
ob_hpf2_results/ob628.result.gz
ob_hpf2_results/ob629.result.gz
ob_hpf2_results/ob630.result.gz
ob_hpf2_results/ob631.result.gz
ob_hpf2_results/ob632.result.gz
ob_hpf2_results/ob633.result.gz
ob_hpf2_results/ob634.result.gz
ob_hpf2_results/ob635.result.gz
ob_hpf2_results/ob636.result.gz
ob_hpf2_results/ob637.result.gz
ob_hpf2_results/ob638.result.gz
ob_hpf2_results/ob639.result.gz
ob_hpf2_results/ob640.result.gz
ob_hpf2_results/ob641.result.gz
ob_hpf2_results/ob642.result.gz
ob_hpf2_results/ob643.result.gz
ob_hpf2_results/ob644.result.gz
ob_hpf2_results/ob645.result.gz
ob_hpf2_results/ob646.result.gz
ob_hpf2_results/ob647.result.gz
ob_hpf2_results/ob648.result.gz
ob_hpf2_results/ob649.result.gz
ob_hpf2_results/ob650.result.gz
ob_hpf2_results/ob651.result.gz
ob_hpf2_results/ob652.result.gz
ob_hpf2_results/ob653.result.gz
ob_hpf2_results/ob654.result.gz
ob_hpf2_results/ob655.result.gz
ob_hpf2_results/ob656.result.gz
ob_hpf2_results/ob657.result.gz
ob_hpf2_results/ob658.result.gz
ob_hpf2_results/ob659.result.gz
ob_hpf2_results/ob660.result.gz
ob_hpf2_results/ob661.result.gz
ob_hpf2_results/ob662.result.gz
ob_hpf2_results/ob663.result.gz
ob_hpf2_results/ob664.result.gz
ob_hpf2_results/ob665.result.gz
ob_hpf2_results/ob666.result.gz
ob_hpf2_results/ob667.result.gz
ob_hpf2_results/ob668.result.gz
ob_hpf2_results/ob669.result.gz
ob_hpf2_results/ob670.result.gz
ob_hpf2_results/ob671.result.gz
ob_hpf2_results/ob672.result.gz
ob_hpf2_results/ob673.result.gz
ob_hpf2_results/ob674.result.gz
ob_hpf2_results/ob675.result.gz
ob_hpf2_results/ob676.result.gz
ob_hpf2_results/ob677.result.gz
ob_hpf2_results/ob678.result.gz
ob_hpf2_results/ob679.result.gz
ob_hpf2_results/ob680.result.gz
ob_hpf2_results/ob681.result.gz
ob_hpf2_results/ob682.result.gz
ob_hpf2_results/ob683.result.gz
ob_hpf2_results/ob684.result.gz
ob_hpf2_results/ob685.result.gz
ob_hpf2_results/ob686.result.gz
ob_hpf2_results/ob687.result.gz
ob_hpf2_results/ob688.result.gz
ob_hpf2_results/ob689.result.gz
ob_hpf2_results/ob690.result.gz
ob_hpf2_results/ob691.result.gz
ob_hpf2_results/ob692.result.gz
ob_hpf2_results/ob693.result.gz
ob_hpf2_results/ob694.result.gz
ob_hpf2_results/ob695.result.gz
ob_hpf2_results/ob696.result.gz
ob_hpf2_results/ob697.result.gz
ob_hpf2_results/ob698.result.gz
ob_hpf2_results/ob699.result.gz
ob_hpf2_results/ob700.result.gz
ob_hpf2_results/ob701.result.gz
ob_hpf2_results/ob702.result.gz
ob_hpf2_results/ob703.result.gz
ob_hpf2_results/ob704.result.gz
ob_hpf2_results/ob705.result.gz
ob_hpf2_results/ob706.result.gz
ob_hpf2_results/ob707.result.gz
ob_hpf2_results/ob708.result.gz
ob_hpf2_results/ob709.result.gz
ob_hpf2_results/ob710.result.gz
ob_hpf2_results/ob711.result.gz
ob_hpf2_results/ob712.result.gz
ob_hpf2_results/ob713.result.gz
ob_hpf2_results/ob714.result.gz
ob_hpf2_results/ob715.result.gz
ob_hpf2_results/ob716.result.gz
ob_hpf2_results/ob717.result.gz
ob_hpf2_results/ob718.result.gz
ob_hpf2_results/ob719.result.gz
ob_hpf2_results/ob720.result.gz
ob_hpf2_results/ob721.result.gz
ob_hpf2_results/ob722.result.gz
ob_hpf2_results/ob723.result.gz
ob_hpf2_results/ob724.result.gz
ob_hpf2_results/ob725.result.gz
ob_hpf2_results/ob726.result.gz
ob_hpf2_results/ob727.result.gz
ob_hpf2_results/ob728.result.gz
ob_hpf2_results/ob729.result.gz
ob_hpf2_results/ob730.result.gz
ob_hpf2_results/ob731.result.gz
ob_hpf2_results/ob732.result.gz
ob_hpf2_results/ob733.result.gz
ob_hpf2_results/ob734.result.gz
ob_hpf2_results/ob735.result.gz
ob_hpf2_results/ob736.result.gz
ob_hpf2_results/ob737.result.gz
ob_hpf2_results/ob738.result.gz
ob_hpf2_results/ob739.result.gz
ob_hpf2_results/ob740.result.gz
ob_hpf2_results/ob741.result.gz
ob_hpf2_results/ob742.result.gz
ob_hpf2_results/ob743.result.gz
ob_hpf2_results/ob744.result.gz
ob_hpf2_results/ob745.result.gz
ob_hpf2_results/ob746.result.gz
ob_hpf2_results/ob747.result.gz
ob_hpf2_results/ob748.result.gz
ob_hpf2_results/ob749.result.gz
ob_hpf2_results/ob750.result.gz
ob_hpf2_results/ob751.result.gz
ob_hpf2_results/ob752.result.gz
ob_hpf2_results/ob753.result.gz
ob_hpf2_results/ob754.result.gz
ob_hpf2_results/ob755.result.gz
ob_hpf2_results/ob756.result.gz
ob_hpf2_results/ob757.result.gz
ob_hpf2_results/ob758.result.gz
ob_hpf2_results/ob759.result.gz
ob_hpf2_results/ob760.result.gz
ob_hpf2_results/ob761.result.gz
ob_hpf2_results/ob762.result.gz
ob_hpf2_results/ob763.result.gz
ob_hpf2_results/ob764.result.gz
ob_hpf2_results/ob765.result.gz
ob_hpf2_results/ob766.result.gz
ob_hpf2_results/ob767.result.gz
ob_hpf2_results/ob768.result.gz
ob_hpf2_results/ob769.result.gz
ob_hpf2_results/ob770.result.gz
ob_hpf2_results/ob771.result.gz
ob_hpf2_results/ob772.result.gz
ob_hpf2_results/ob773.result.gz
ob_hpf2_results/ob774.result.gz
ob_hpf2_results/ob775.result.gz
ob_hpf2_results/ob776.result.gz
ob_hpf2_results/ob777.result.gz
ob_hpf2_results/ob778.result.gz
ob_hpf2_results/ob779.result.gz
ob_hpf2_results/ob780.result.gz
ob_hpf2_results/ob781.result.gz
ob_hpf2_results/ob782.result.gz
ob_hpf2_results/ob783.result.gz
ob_hpf2_results/ob784.result.gz
ob_hpf2_results/ob785.result.gz
ob_hpf2_results/ob786.result.gz
ob_hpf2_results/ob787.result.gz
ob_hpf2_results/ob788.result.gz
ob_hpf2_results/ob789.result.gz
ob_hpf2_results/ob790.result.gz
ob_hpf2_results/ob791.result.gz
ob_hpf2_results/ob792.result.gz
ob_hpf2_results/ob793.result.gz
ob_hpf2_results/ob794.result.gz
ob_hpf2_results/ob795.result.gz
ob_hpf2_results/ob796.result.gz
ob_hpf2_results/ob797.result.gz
ob_hpf2_results/ob798.result.gz
ob_hpf2_results/ob799.result.gz
ob_hpf2_results/ob800.result.gz
ob_hpf2_results/ob801.result.gz
ob_hpf2_results/ob802.result.gz
ob_hpf2_results/ob803.result.gz
ob_hpf2_results/ob804.result.gz
ob_hpf2_results/ob805.result.gz
ob_hpf2_results/ob806.result.gz
ob_hpf2_results/ob807.result.gz
ob_hpf2_results/ob808.result.gz
ob_hpf2_results/ob809.result.gz
ob_hpf2_results/ob810.result.gz
ob_hpf2_results/ob811.result.gz
ob_hpf2_results/ob812.result.gz
ob_hpf2_results/ob813.result.gz
ob_hpf2_results/ob814.result.gz
ob_hpf2_results/ob815.result.gz
ob_hpf2_results/ob816.result.gz
ob_hpf2_results/ob817.result.gz
ob_hpf2_results/ob818.result.gz
ob_hpf2_results/ob819.result.gz
ob_hpf2_results/ob820.result.gz
ob_hpf2_results/ob821.result.gz
ob_hpf2_results/ob822.result.gz
ob_hpf2_results/ob823.result.gz
ob_hpf2_results/ob824.result.gz
ob_hpf2_results/ob825.result.gz
ob_hpf2_results/ob826.result.gz
ob_hpf2_results/ob827.result.gz
ob_hpf2_results/ob828.result.gz
ob_hpf2_results/ob829.result.gz
ob_hpf2_results/ob830.result.gz
ob_hpf2_results/ob831.result.gz
ob_hpf2_results/ob832.result.gz
ob_hpf2_results/ob833.result.gz
ob_hpf2_results/ob834.result.gz
ob_hpf2_results/ob835.result.gz
ob_hpf2_results/ob836.result.gz
ob_hpf2_results/ob837.result.gz
ob_hpf2_results/ob838.result.gz
ob_hpf2_results/ob839.result.gz
ob_hpf2_results/ob840.result.gz
ob_hpf2_results/ob841.result.gz
ob_hpf2_results/ob842.result.gz
ob_hpf2_results/ob843.result.gz
ob_hpf2_results/ob844.result.gz
ob_hpf2_results/ob845.result.gz
ob_hpf2_results/ob846.result.gz
ob_hpf2_results/ob847.result.gz
ob_hpf2_results/ob848.result.gz
ob_hpf2_results/ob849.result.gz
ob_hpf2_results/ob850.result.gz
ob_hpf2_results/ob851.result.gz
ob_hpf2_results/ob852.result.gz
ob_hpf2_results/ob853.result.gz
ob_hpf2_results/ob854.result.gz
ob_hpf2_results/ob855.result.gz
ob_hpf2_results/ob856.result.gz
ob_hpf2_results/ob857.result.gz
ob_hpf2_results/ob858.result.gz
ob_hpf2_results/ob859.result.gz
ob_hpf2_results/ob860.result.gz
ob_hpf2_results/ob861.result.gz
ob_hpf2_results/ob862.result.gz
ob_hpf2_results/ob863.result.gz
ob_hpf2_results/ob864.result.gz
ob_hpf2_results/ob865.result.gz
ob_hpf2_results/ob866.result.gz
ob_hpf2_results/ob867.result.gz
ob_hpf2_results/ob868.result.gz
ob_hpf2_results/ob869.result.gz
ob_hpf2_results/ob870.result.gz
ob_hpf2_results/ob871.result.gz
ob_hpf2_results/ob872.result.gz
ob_hpf2_results/ob873.result.gz
ob_hpf2_results/ob874.result.gz
ob_hpf2_results/ob875.result.gz
ob_hpf2_results/ob876.result.gz
ob_hpf2_results/ob877.result.gz
ob_hpf2_results/ob878.result.gz
ob_hpf2_results/ob879.result.gz
ob_hpf2_results/ob880.result.gz
ob_hpf2_results/ob881.result.gz
ob_hpf2_results/ob882.result.gz
ob_hpf2_results/ob883.result.gz
ob_hpf2_results/ob884.result.gz
ob_hpf2_results/ob885.result.gz
ob_hpf2_results/ob886.result.gz
ob_hpf2_results/ob887.result.gz
ob_hpf2_results/ob888.result.gz
ob_hpf2_results/ob889.result.gz
ob_hpf2_results/ob890.result.gz
ob_hpf2_results/ob891.result.gz
ob_hpf2_results/ob892.result.gz
ob_hpf2_results/ob893.result.gz
ob_hpf2_results/ob894.result.gz
ob_hpf2_results/ob895.result.gz
ob_hpf2_results/ob896.result.gz
ob_hpf2_results/ob897.result.gz
ob_hpf2_results/ob898.result.gz
ob_hpf2_results/ob899.result.gz
ob_hpf2_results/ob900.result.gz
ob_hpf2_results/ob901.result.gz
ob_hpf2_results/ob902.result.gz
ob_hpf2_results/ob903.result.gz
ob_hpf2_results/ob904.result.gz
ob_hpf2_results/ob905.result.gz
ob_hpf2_results/ob906.result.gz
ob_hpf2_results/ob907.result.gz
ob_hpf2_results/ob908.result.gz
ob_hpf2_results/ob909.result.gz
ob_hpf2_results/ob910.result.gz
ob_hpf2_results/ob911.result.gz
ob_hpf2_results/ob912.result.gz
ob_hpf2_results/ob913.result.gz
ob_hpf2_results/ob914.result.gz
ob_hpf2_results/ob915.result.gz
ob_hpf2_results/ob916.result.gz
ob_hpf2_results/ob917.result.gz
ob_hpf2_results/ob918.result.gz
ob_hpf2_results/ob919.result.gz
ob_hpf2_results/ob920.result.gz
ob_hpf2_results/ob921.result.gz
ob_hpf2_results/ob922.result.gz
ob_hpf2_results/ob923.result.gz
ob_hpf2_results/ob924.result.gz
ob_hpf2_results/ob925.result.gz
ob_hpf2_results/ob926.result.gz
ob_hpf2_results/ob927.result.gz
ob_hpf2_results/ob928.result.gz
ob_hpf2_results/ob929.result.gz
ob_hpf2_results/ob930.result.gz
ob_hpf2_results/ob931.result.gz
ob_hpf2_results/ob932.result.gz
ob_hpf2_results/ob933.result.gz
ob_hpf2_results/ob934.result.gz
ob_hpf2_results/ob935.result.gz
ob_hpf2_results/ob936.result.gz
ob_hpf2_results/ob937.result.gz
ob_hpf2_results/ob938.result.gz
ob_hpf2_results/ob939.result.gz
ob_hpf2_results/ob940.result.gz
ob_hpf2_results/ob941.result.gz
ob_hpf2_results/ob942.result.gz
ob_hpf2_results/ob943.result.gz
ob_hpf2_results/ob944.result.gz
ob_hpf2_results/ob945.result.gz
ob_hpf2_results/ob946.result.gz
ob_hpf2_results/ob947.result.gz
ob_hpf2_results/ob948.result.gz
ob_hpf2_results/ob949.result.gz
ob_hpf2_results/ob950.result.gz
ob_hpf2_results/ob951.result.gz
ob_hpf2_results/ob952.result.gz
ob_hpf2_results/ob953.result.gz
ob_hpf2_results/ob954.result.gz
ob_hpf2_results/ob955.result.gz
ob_hpf2_results/ob956.result.gz
ob_hpf2_results/ob957.result.gz
ob_hpf2_results/ob958.result.gz
ob_hpf2_results/ob959.result.gz
ob_hpf2_results/ob960.result.gz
ob_hpf2_results/ob961.result.gz
ob_hpf2_results/ob962.result.gz
ob_hpf2_results/ob963.result.gz
ob_hpf2_results/ob964.result.gz
ob_hpf2_results/ob965.result.gz
ob_hpf2_results/ob966.result.gz
ob_hpf2_results/ob967.result.gz
ob_hpf2_results/ob968.result.gz
ob_hpf2_results/ob969.result.gz
ob_hpf2_results/ob970.result.gz
ob_hpf2_results/ob971.result.gz
ob_hpf2_results/ob972.result.gz
ob_hpf2_results/ob973.result.gz
ob_hpf2_results/ob974.result.gz
ob_hpf2_results/ob975.result.gz
ob_hpf2_results/ob976.result.gz
ob_hpf2_results/ob977.result.gz
ob_hpf2_results/ob978.result.gz
ob_hpf2_results/ob979.result.gz
ob_hpf2_results/ob980.result.gz
ob_hpf2_results/ob981.result.gz
ob_hpf2_results/ob982.result.gz
ob_hpf2_results/ob983.result.gz
ob_hpf2_results/ob984.result.gz
ob_hpf2_results/ob985.result.gz
ob_hpf2_results/ob986.result.gz
ob_hpf2_results/ob987.result.gz
ob_hpf2_results/ob988.result.gz
ob_hpf2_results/ob989.result.gz
ob_hpf2_results/ob990.result.gz
ob_hpf2_results/ob991.result.gz
ob_hpf2_results/ob992.result.gz
ob_hpf2_results/ob993.result.gz
ob_hpf2_results/ob994.result.gz
ob_hpf2_results/ob995.result.gz
ob_hpf2_results/ob996.result.gz
ob_hpf2_results/ob997.result.gz
ob_hpf2_results/ob998.result.gz
ob_hpf2_results/ob999.result.gz
oc_hpf2_results/
oc_hpf2_results/md5sums.txt
oc_hpf2_results/oc000.result.gz
oc_hpf2_results/oc001.result.gz
oc_hpf2_results/oc002.result.gz
oc_hpf2_results/oc003.result.gz
oc_hpf2_results/oc004.result.gz
oc_hpf2_results/oc005.result.gz
oc_hpf2_results/oc006.result.gz
oc_hpf2_results/oc007.result.gz
oc_hpf2_results/oc008.result.gz
oc_hpf2_results/oc009.result.gz
oc_hpf2_results/oc010.result.gz
oc_hpf2_results/oc011.result.gz
oc_hpf2_results/oc012.result.gz
oc_hpf2_results/oc013.result.gz
oc_hpf2_results/oc014.result.gz
oc_hpf2_results/oc015.result.gz
oc_hpf2_results/oc016.result.gz
oc_hpf2_results/oc017.result.gz
oc_hpf2_results/oc018.result.gz
oc_hpf2_results/oc019.result.gz
oc_hpf2_results/oc020.result.gz
oc_hpf2_results/oc021.result.gz
oc_hpf2_results/oc022.result.gz
oc_hpf2_results/oc023.result.gz
oc_hpf2_results/oc024.result.gz
oc_hpf2_results/oc025.result.gz
oc_hpf2_results/oc026.result.gz
oc_hpf2_results/oc027.result.gz
oc_hpf2_results/oc028.result.gz
oc_hpf2_results/oc029.result.gz
oc_hpf2_results/oc030.result.gz
oc_hpf2_results/oc031.result.gz
oc_hpf2_results/oc032.result.gz
oc_hpf2_results/oc033.result.gz
oc_hpf2_results/oc034.result.gz
oc_hpf2_results/oc035.result.gz
oc_hpf2_results/oc036.result.gz
oc_hpf2_results/oc037.result.gz
oc_hpf2_results/oc038.result.gz
oc_hpf2_results/oc039.result.gz
oc_hpf2_results/oc040.result.gz
oc_hpf2_results/oc041.result.gz
oc_hpf2_results/oc042.result.gz
oc_hpf2_results/oc043.result.gz
oc_hpf2_results/oc044.result.gz
oc_hpf2_results/oc045.result.gz
oc_hpf2_results/oc046.result.gz
oc_hpf2_results/oc047.result.gz
oc_hpf2_results/oc048.result.gz
oc_hpf2_results/oc049.result.gz
oc_hpf2_results/oc050.result.gz
oc_hpf2_results/oc051.result.gz
oc_hpf2_results/oc052.result.gz
oc_hpf2_results/oc053.result.gz
oc_hpf2_results/oc054.result.gz
oc_hpf2_results/oc055.result.gz
oc_hpf2_results/oc056.result.gz
oc_hpf2_results/oc057.result.gz
oc_hpf2_results/oc058.result.gz
oc_hpf2_results/oc059.result.gz
oc_hpf2_results/oc060.result.gz
oc_hpf2_results/oc061.result.gz
oc_hpf2_results/oc062.result.gz
oc_hpf2_results/oc063.result.gz
oc_hpf2_results/oc064.result.gz
oc_hpf2_results/oc065.result.gz
oc_hpf2_results/oc066.result.gz
oc_hpf2_results/oc067.result.gz
oc_hpf2_results/oc068.result.gz
oc_hpf2_results/oc069.result.gz
oc_hpf2_results/oc070.result.gz
oc_hpf2_results/oc071.result.gz
oc_hpf2_results/oc072.result.gz
oc_hpf2_results/oc073.result.gz
oc_hpf2_results/oc074.result.gz
oc_hpf2_results/oc075.result.gz
oc_hpf2_results/oc076.result.gz
oc_hpf2_results/oc077.result.gz
oc_hpf2_results/oc078.result.gz
oc_hpf2_results/oc079.result.gz
oc_hpf2_results/oc080.result.gz
oc_hpf2_results/oc081.result.gz
oc_hpf2_results/oc082.result.gz
oc_hpf2_results/oc083.result.gz
oc_hpf2_results/oc084.result.gz
oc_hpf2_results/oc085.result.gz
oc_hpf2_results/oc086.result.gz
oc_hpf2_results/oc087.result.gz
oc_hpf2_results/oc088.result.gz
oc_hpf2_results/oc089.result.gz
oc_hpf2_results/oc090.result.gz
oc_hpf2_results/oc091.result.gz
oc_hpf2_results/oc092.result.gz
oc_hpf2_results/oc093.result.gz
oc_hpf2_results/oc094.result.gz
oc_hpf2_results/oc095.result.gz
oc_hpf2_results/oc096.result.gz
oc_hpf2_results/oc097.result.gz
oc_hpf2_results/oc098.result.gz
oc_hpf2_results/oc099.result.gz
oc_hpf2_results/oc100.result.gz
oc_hpf2_results/oc101.result.gz
oc_hpf2_results/oc102.result.gz
oc_hpf2_results/oc103.result.gz
oc_hpf2_results/oc104.result.gz
oc_hpf2_results/oc105.result.gz
oc_hpf2_results/oc106.result.gz
oc_hpf2_results/oc107.result.gz
oc_hpf2_results/oc108.result.gz
oc_hpf2_results/oc109.result.gz
oc_hpf2_results/oc110.result.gz
oc_hpf2_results/oc111.result.gz
oc_hpf2_results/oc112.result.gz
oc_hpf2_results/oc113.result.gz
oc_hpf2_results/oc114.result.gz
oc_hpf2_results/oc115.result.gz
oc_hpf2_results/oc116.result.gz
oc_hpf2_results/oc117.result.gz
oc_hpf2_results/oc118.result.gz
oc_hpf2_results/oc119.result.gz
oc_hpf2_results/oc120.result.gz
oc_hpf2_results/oc121.result.gz
oc_hpf2_results/oc122.result.gz
oc_hpf2_results/oc123.result.gz
oc_hpf2_results/oc124.result.gz
oc_hpf2_results/oc125.result.gz
oc_hpf2_results/oc126.result.gz
oc_hpf2_results/oc127.result.gz
oc_hpf2_results/oc128.result.gz
oc_hpf2_results/oc129.result.gz
oc_hpf2_results/oc130.result.gz
oc_hpf2_results/oc131.result.gz
oc_hpf2_results/oc132.result.gz
oc_hpf2_results/oc133.result.gz
oc_hpf2_results/oc134.result.gz
oc_hpf2_results/oc135.result.gz
oc_hpf2_results/oc136.result.gz
oc_hpf2_results/oc137.result.gz
oc_hpf2_results/oc138.result.gz
oc_hpf2_results/oc139.result.gz
oc_hpf2_results/oc140.result.gz
oc_hpf2_results/oc141.result.gz
oc_hpf2_results/oc142.result.gz
oc_hpf2_results/oc143.result.gz
oc_hpf2_results/oc144.result.gz
oc_hpf2_results/oc145.result.gz
oc_hpf2_results/oc146.result.gz
oc_hpf2_results/oc147.result.gz
oc_hpf2_results/oc148.result.gz
oc_hpf2_results/oc149.result.gz
oc_hpf2_results/oc150.result.gz
oc_hpf2_results/oc151.result.gz
oc_hpf2_results/oc152.result.gz
oc_hpf2_results/oc153.result.gz
oc_hpf2_results/oc154.result.gz
oc_hpf2_results/oc155.result.gz
oc_hpf2_results/oc156.result.gz
oc_hpf2_results/oc157.result.gz
oc_hpf2_results/oc158.result.gz
oc_hpf2_results/oc159.result.gz
oc_hpf2_results/oc160.result.gz
oc_hpf2_results/oc161.result.gz
oc_hpf2_results/oc162.result.gz
oc_hpf2_results/oc163.result.gz
oc_hpf2_results/oc164.result.gz
oc_hpf2_results/oc165.result.gz
oc_hpf2_results/oc166.result.gz
oc_hpf2_results/oc167.result.gz
oc_hpf2_results/oc168.result.gz
oc_hpf2_results/oc169.result.gz
oc_hpf2_results/oc170.result.gz
oc_hpf2_results/oc171.result.gz
oc_hpf2_results/oc172.result.gz
oc_hpf2_results/oc173.result.gz
oc_hpf2_results/oc174.result.gz
oc_hpf2_results/oc175.result.gz
oc_hpf2_results/oc176.result.gz
oc_hpf2_results/oc177.result.gz
oc_hpf2_results/oc178.result.gz
oc_hpf2_results/oc179.result.gz
oc_hpf2_results/oc180.result.gz
oc_hpf2_results/oc181.result.gz
oc_hpf2_results/oc182.result.gz
oc_hpf2_results/oc183.result.gz
oc_hpf2_results/oc184.result.gz
oc_hpf2_results/oc185.result.gz
oc_hpf2_results/oc186.result.gz
oc_hpf2_results/oc187.result.gz
oc_hpf2_results/oc188.result.gz
oc_hpf2_results/oc189.result.gz
oc_hpf2_results/oc190.result.gz
oc_hpf2_results/oc191.result.gz
oc_hpf2_results/oc192.result.gz
oc_hpf2_results/oc193.result.gz
oc_hpf2_results/oc194.result.gz
oc_hpf2_results/oc195.result.gz
oc_hpf2_results/oc196.result.gz
oc_hpf2_results/oc197.result.gz
oc_hpf2_results/oc198.result.gz
oc_hpf2_results/oc199.result.gz
oc_hpf2_results/oc200.result.gz
oc_hpf2_results/oc201.result.gz
oc_hpf2_results/oc202.result.gz
oc_hpf2_results/oc203.result.gz
oc_hpf2_results/oc204.result.gz
oc_hpf2_results/oc205.result.gz
oc_hpf2_results/oc206.result.gz
oc_hpf2_results/oc207.result.gz
oc_hpf2_results/oc208.result.gz
oc_hpf2_results/oc209.result.gz
oc_hpf2_results/oc210.result.gz
oc_hpf2_results/oc211.result.gz
oc_hpf2_results/oc212.result.gz
oc_hpf2_results/oc213.result.gz
oc_hpf2_results/oc214.result.gz
oc_hpf2_results/oc215.result.gz
oc_hpf2_results/oc216.result.gz
oc_hpf2_results/oc217.result.gz
oc_hpf2_results/oc218.result.gz
oc_hpf2_results/oc219.result.gz
oc_hpf2_results/oc220.result.gz
oc_hpf2_results/oc221.result.gz
oc_hpf2_results/oc222.result.gz
oc_hpf2_results/oc223.result.gz
oc_hpf2_results/oc224.result.gz
oc_hpf2_results/oc225.result.gz
oc_hpf2_results/oc226.result.gz
oc_hpf2_results/oc227.result.gz
oc_hpf2_results/oc228.result.gz
oc_hpf2_results/oc229.result.gz
oc_hpf2_results/oc230.result.gz
oc_hpf2_results/oc231.result.gz
oc_hpf2_results/oc232.result.gz
oc_hpf2_results/oc233.result.gz
oc_hpf2_results/oc234.result.gz
oc_hpf2_results/oc235.result.gz
oc_hpf2_results/oc236.result.gz
oc_hpf2_results/oc237.result.gz
oc_hpf2_results/oc238.result.gz
oc_hpf2_results/oc239.result.gz
oc_hpf2_results/oc240.result.gz
oc_hpf2_results/oc241.result.gz
oc_hpf2_results/oc242.result.gz
oc_hpf2_results/oc243.result.gz
oc_hpf2_results/oc244.result.gz
oc_hpf2_results/oc245.result.gz
oc_hpf2_results/oc246.result.gz
oc_hpf2_results/oc247.result.gz
oc_hpf2_results/oc248.result.gz
oc_hpf2_results/oc249.result.gz
oc_hpf2_results/oc250.result.gz
oc_hpf2_results/oc251.result.gz
oc_hpf2_results/oc252.result.gz
oc_hpf2_results/oc253.result.gz
oc_hpf2_results/oc254.result.gz
oc_hpf2_results/oc255.result.gz
oc_hpf2_results/oc256.result.gz
oc_hpf2_results/oc257.result.gz
oc_hpf2_results/oc258.result.gz
oc_hpf2_results/oc259.result.gz
oc_hpf2_results/oc260.result.gz
oc_hpf2_results/oc261.result.gz
oc_hpf2_results/oc262.result.gz
oc_hpf2_results/oc263.result.gz
oc_hpf2_results/oc264.result.gz
oc_hpf2_results/oc265.result.gz
oc_hpf2_results/oc266.result.gz
oc_hpf2_results/oc267.result.gz
oc_hpf2_results/oc268.result.gz
oc_hpf2_results/oc269.result.gz
oc_hpf2_results/oc270.result.gz
oc_hpf2_results/oc271.result.gz
oc_hpf2_results/oc272.result.gz
oc_hpf2_results/oc273.result.gz
oc_hpf2_results/oc274.result.gz
oc_hpf2_results/oc275.result.gz
oc_hpf2_results/oc276.result.gz
oc_hpf2_results/oc277.result.gz
oc_hpf2_results/oc278.result.gz
oc_hpf2_results/oc279.result.gz
oc_hpf2_results/oc280.result.gz
oc_hpf2_results/oc281.result.gz
oc_hpf2_results/oc282.result.gz
oc_hpf2_results/oc283.result.gz
oc_hpf2_results/oc284.result.gz
oc_hpf2_results/oc285.result.gz
oc_hpf2_results/oc286.result.gz
oc_hpf2_results/oc287.result.gz
oc_hpf2_results/oc288.result.gz
oc_hpf2_results/oc289.result.gz
oc_hpf2_results/oc291.result.gz
oc_hpf2_results/oc292.result.gz
oc_hpf2_results/oc293.result.gz
oc_hpf2_results/oc294.result.gz
oc_hpf2_results/oc295.result.gz
oc_hpf2_results/oc296.result.gz
oc_hpf2_results/oc297.result.gz
oc_hpf2_results/oc298.result.gz
oc_hpf2_results/oc299.result.gz
oc_hpf2_results/oc300.result.gz
oc_hpf2_results/oc301.result.gz
oc_hpf2_results/oc302.result.gz
oc_hpf2_results/oc303.result.gz
oc_hpf2_results/oc304.result.gz
oc_hpf2_results/oc305.result.gz
oc_hpf2_results/oc306.result.gz
oc_hpf2_results/oc307.result.gz
oc_hpf2_results/oc308.result.gz
oc_hpf2_results/oc309.result.gz
oc_hpf2_results/oc310.result.gz
oc_hpf2_results/oc311.result.gz
oc_hpf2_results/oc312.result.gz
oc_hpf2_results/oc313.result.gz
oc_hpf2_results/oc314.result.gz
oc_hpf2_results/oc315.result.gz
oc_hpf2_results/oc316.result.gz
oc_hpf2_results/oc317.result.gz
oc_hpf2_results/oc318.result.gz
oc_hpf2_results/oc319.result.gz
oc_hpf2_results/oc320.result.gz
oc_hpf2_results/oc321.result.gz
oc_hpf2_results/oc322.result.gz
oc_hpf2_results/oc323.result.gz
oc_hpf2_results/oc324.result.gz
oc_hpf2_results/oc325.result.gz
oc_hpf2_results/oc326.result.gz
oc_hpf2_results/oc327.result.gz
oc_hpf2_results/oc328.result.gz
oc_hpf2_results/oc329.result.gz
oc_hpf2_results/oc330.result.gz
oc_hpf2_results/oc331.result.gz
oc_hpf2_results/oc332.result.gz
oc_hpf2_results/oc333.result.gz
oc_hpf2_results/oc334.result.gz
oc_hpf2_results/oc335.result.gz
oc_hpf2_results/oc336.result.gz
oc_hpf2_results/oc337.result.gz
oc_hpf2_results/oc338.result.gz
oc_hpf2_results/oc339.result.gz
oc_hpf2_results/oc340.result.gz
oc_hpf2_results/oc341.result.gz
oc_hpf2_results/oc342.result.gz
oc_hpf2_results/oc343.result.gz
oc_hpf2_results/oc344.result.gz
oc_hpf2_results/oc345.result.gz
oc_hpf2_results/oc346.result.gz
oc_hpf2_results/oc347.result.gz
oc_hpf2_results/oc348.result.gz
oc_hpf2_results/oc349.result.gz
oc_hpf2_results/oc350.result.gz
oc_hpf2_results/oc351.result.gz
oc_hpf2_results/oc352.result.gz
oc_hpf2_results/oc353.result.gz
oc_hpf2_results/oc354.result.gz
oc_hpf2_results/oc355.result.gz
oc_hpf2_results/oc356.result.gz
oc_hpf2_results/oc357.result.gz
oc_hpf2_results/oc358.result.gz
oc_hpf2_results/oc359.result.gz
oc_hpf2_results/oc360.result.gz
oc_hpf2_results/oc361.result.gz
oc_hpf2_results/oc362.result.gz
oc_hpf2_results/oc363.result.gz
oc_hpf2_results/oc364.result.gz
oc_hpf2_results/oc365.result.gz
oc_hpf2_results/oc366.result.gz
oc_hpf2_results/oc367.result.gz
oc_hpf2_results/oc368.result.gz
oc_hpf2_results/oc369.result.gz
oc_hpf2_results/oc370.result.gz
oc_hpf2_results/oc371.result.gz
oc_hpf2_results/oc372.result.gz
oc_hpf2_results/oc373.result.gz
oc_hpf2_results/oc374.result.gz
oc_hpf2_results/oc375.result.gz
oc_hpf2_results/oc376.result.gz
oc_hpf2_results/oc377.result.gz
oc_hpf2_results/oc378.result.gz
oc_hpf2_results/oc379.result.gz
oc_hpf2_results/oc380.result.gz
oc_hpf2_results/oc381.result.gz
oc_hpf2_results/oc382.result.gz
oc_hpf2_results/oc383.result.gz
oc_hpf2_results/oc384.result.gz
oc_hpf2_results/oc385.result.gz
oc_hpf2_results/oc386.result.gz
oc_hpf2_results/oc387.result.gz
oc_hpf2_results/oc388.result.gz
oc_hpf2_results/oc389.result.gz
oc_hpf2_results/oc390.result.gz
oc_hpf2_results/oc391.result.gz
oc_hpf2_results/oc392.result.gz
oc_hpf2_results/oc393.result.gz
oc_hpf2_results/oc394.result.gz
oc_hpf2_results/oc395.result.gz
oc_hpf2_results/oc396.result.gz
oc_hpf2_results/oc397.result.gz
oc_hpf2_results/oc398.result.gz
oc_hpf2_results/oc399.result.gz
oc_hpf2_results/oc400.result.gz
oc_hpf2_results/oc401.result.gz
oc_hpf2_results/oc402.result.gz
oc_hpf2_results/oc403.result.gz
oc_hpf2_results/oc404.result.gz
oc_hpf2_results/oc405.result.gz
oc_hpf2_results/oc406.result.gz
oc_hpf2_results/oc407.result.gz
oc_hpf2_results/oc408.result.gz
oc_hpf2_results/oc409.result.gz
oc_hpf2_results/oc410.result.gz
oc_hpf2_results/oc411.result.gz
oc_hpf2_results/oc412.result.gz
oc_hpf2_results/oc413.result.gz
oc_hpf2_results/oc414.result.gz
oc_hpf2_results/oc415.result.gz
oc_hpf2_results/oc416.result.gz
oc_hpf2_results/oc417.result.gz
oc_hpf2_results/oc418.result.gz
oc_hpf2_results/oc419.result.gz
oc_hpf2_results/oc420.result.gz
oc_hpf2_results/oc421.result.gz
oc_hpf2_results/oc422.result.gz
oc_hpf2_results/oc423.result.gz
oc_hpf2_results/oc424.result.gz
oc_hpf2_results/oc425.result.gz
oc_hpf2_results/oc426.result.gz
oc_hpf2_results/oc427.result.gz
oc_hpf2_results/oc428.result.gz
oc_hpf2_results/oc429.result.gz
oc_hpf2_results/oc430.result.gz
oc_hpf2_results/oc431.result.gz
oc_hpf2_results/oc432.result.gz
oc_hpf2_results/oc433.result.gz
oc_hpf2_results/oc434.result.gz
oc_hpf2_results/oc435.result.gz
oc_hpf2_results/oc436.result.gz
oc_hpf2_results/oc437.result.gz
oc_hpf2_results/oc438.result.gz
oc_hpf2_results/oc439.result.gz
oc_hpf2_results/oc440.result.gz
oc_hpf2_results/oc441.result.gz
oc_hpf2_results/oc442.result.gz
oc_hpf2_results/oc443.result.gz
oc_hpf2_results/oc444.result.gz
oc_hpf2_results/oc445.result.gz
oc_hpf2_results/oc446.result.gz
oc_hpf2_results/oc447.result.gz
oc_hpf2_results/oc448.result.gz
oc_hpf2_results/oc449.result.gz
oc_hpf2_results/oc450.result.gz
oc_hpf2_results/oc451.result.gz
oc_hpf2_results/oc452.result.gz
oc_hpf2_results/oc453.result.gz
oc_hpf2_results/oc454.result.gz
oc_hpf2_results/oc455.result.gz
oc_hpf2_results/oc456.result.gz
oc_hpf2_results/oc457.result.gz
oc_hpf2_results/oc458.result.gz
oc_hpf2_results/oc459.result.gz
oc_hpf2_results/oc460.result.gz
oc_hpf2_results/oc461.result.gz
oc_hpf2_results/oc462.result.gz
oc_hpf2_results/oc463.result.gz
oc_hpf2_results/oc464.result.gz
oc_hpf2_results/oc465.result.gz
oc_hpf2_results/oc466.result.gz
oc_hpf2_results/oc467.result.gz
oc_hpf2_results/oc468.result.gz
oc_hpf2_results/oc469.result.gz
oc_hpf2_results/oc470.result.gz
oc_hpf2_results/oc471.result.gz
oc_hpf2_results/oc472.result.gz
oc_hpf2_results/oc473.result.gz
oc_hpf2_results/oc474.result.gz
oc_hpf2_results/oc475.result.gz
oc_hpf2_results/oc476.result.gz
oc_hpf2_results/oc477.result.gz
oc_hpf2_results/oc478.result.gz
oc_hpf2_results/oc479.result.gz
oc_hpf2_results/oc480.result.gz
oc_hpf2_results/oc481.result.gz
oc_hpf2_results/oc482.result.gz
oc_hpf2_results/oc483.result.gz
oc_hpf2_results/oc484.result.gz
oc_hpf2_results/oc485.result.gz
oc_hpf2_results/oc486.result.gz
oc_hpf2_results/oc487.result.gz
oc_hpf2_results/oc488.result.gz
oc_hpf2_results/oc489.result.gz
oc_hpf2_results/oc490.result.gz
oc_hpf2_results/oc491.result.gz
oc_hpf2_results/oc492.result.gz
oc_hpf2_results/oc493.result.gz
oc_hpf2_results/oc494.result.gz
oc_hpf2_results/oc495.result.gz
oc_hpf2_results/oc496.result.gz
oc_hpf2_results/oc497.result.gz
oc_hpf2_results/oc498.result.gz
oc_hpf2_results/oc499.result.gz
oc_hpf2_results/oc500.result.gz
oc_hpf2_results/oc501.result.gz
oc_hpf2_results/oc502.result.gz
oc_hpf2_results/oc503.result.gz
oc_hpf2_results/oc504.result.gz
oc_hpf2_results/oc505.result.gz
oc_hpf2_results/oc506.result.gz
oc_hpf2_results/oc507.result.gz
oc_hpf2_results/oc508.result.gz
oc_hpf2_results/oc509.result.gz
oc_hpf2_results/oc510.result.gz
oc_hpf2_results/oc511.result.gz
oc_hpf2_results/oc512.result.gz
oc_hpf2_results/oc513.result.gz
oc_hpf2_results/oc514.result.gz
oc_hpf2_results/oc515.result.gz
oc_hpf2_results/oc516.result.gz
oc_hpf2_results/oc517.result.gz
oc_hpf2_results/oc518.result.gz
oc_hpf2_results/oc519.result.gz
oc_hpf2_results/oc520.result.gz
oc_hpf2_results/oc521.result.gz
oc_hpf2_results/oc522.result.gz
oc_hpf2_results/oc523.result.gz
oc_hpf2_results/oc524.result.gz
oc_hpf2_results/oc525.result.gz
oc_hpf2_results/oc526.result.gz
oc_hpf2_results/oc527.result.gz
oc_hpf2_results/oc528.result.gz
oc_hpf2_results/oc529.result.gz
oc_hpf2_results/oc530.result.gz
oc_hpf2_results/oc531.result.gz
oc_hpf2_results/oc532.result.gz
oc_hpf2_results/oc533.result.gz
oc_hpf2_results/oc534.result.gz
oc_hpf2_results/oc535.result.gz
oc_hpf2_results/oc536.result.gz
oc_hpf2_results/oc537.result.gz
oc_hpf2_results/oc538.result.gz
oc_hpf2_results/oc539.result.gz
oc_hpf2_results/oc540.result.gz
oc_hpf2_results/oc541.result.gz
oc_hpf2_results/oc542.result.gz
oc_hpf2_results/oc543.result.gz
oc_hpf2_results/oc544.result.gz
oc_hpf2_results/oc545.result.gz
oc_hpf2_results/oc546.result.gz
oc_hpf2_results/oc547.result.gz
oc_hpf2_results/oc548.result.gz
oc_hpf2_results/oc549.result.gz
oc_hpf2_results/oc550.result.gz
oc_hpf2_results/oc551.result.gz
oc_hpf2_results/oc552.result.gz
oc_hpf2_results/oc553.result.gz
oc_hpf2_results/oc554.result.gz
oc_hpf2_results/oc555.result.gz
oc_hpf2_results/oc556.result.gz
oc_hpf2_results/oc557.result.gz
oc_hpf2_results/oc558.result.gz
oc_hpf2_results/oc559.result.gz
oc_hpf2_results/oc560.result.gz
oc_hpf2_results/oc561.result.gz
oc_hpf2_results/oc562.result.gz
oc_hpf2_results/oc563.result.gz
oc_hpf2_results/oc565.result.gz
oc_hpf2_results/oc566.result.gz
oc_hpf2_results/oc567.result.gz
oc_hpf2_results/oc568.result.gz
oc_hpf2_results/oc569.result.gz
oc_hpf2_results/oc570.result.gz
oc_hpf2_results/oc571.result.gz
oc_hpf2_results/oc572.result.gz
oc_hpf2_results/oc573.result.gz
oc_hpf2_results/oc574.result.gz
oc_hpf2_results/oc575.result.gz
oc_hpf2_results/oc576.result.gz
oc_hpf2_results/oc577.result.gz
oc_hpf2_results/oc578.result.gz
oc_hpf2_results/oc579.result.gz
oc_hpf2_results/oc580.result.gz
oc_hpf2_results/oc581.result.gz
oc_hpf2_results/oc582.result.gz
oc_hpf2_results/oc583.result.gz
oc_hpf2_results/oc584.result.gz
oc_hpf2_results/oc585.result.gz
oc_hpf2_results/oc586.result.gz
oc_hpf2_results/oc587.result.gz
oc_hpf2_results/oc588.result.gz
oc_hpf2_results/oc589.result.gz
oc_hpf2_results/oc590.result.gz
oc_hpf2_results/oc591.result.gz
oc_hpf2_results/oc592.result.gz
oc_hpf2_results/oc593.result.gz
oc_hpf2_results/oc594.result.gz
oc_hpf2_results/oc595.result.gz
oc_hpf2_results/oc596.result.gz
oc_hpf2_results/oc597.result.gz
oc_hpf2_results/oc598.result.gz
oc_hpf2_results/oc599.result.gz
oc_hpf2_results/oc600.result.gz
oc_hpf2_results/oc601.result.gz
oc_hpf2_results/oc602.result.gz
oc_hpf2_results/oc603.result.gz
oc_hpf2_results/oc604.result.gz
oc_hpf2_results/oc605.result.gz
oc_hpf2_results/oc606.result.gz
oc_hpf2_results/oc607.result.gz
oc_hpf2_results/oc608.result.gz
oc_hpf2_results/oc609.result.gz
oc_hpf2_results/oc610.result.gz
oc_hpf2_results/oc611.result.gz
oc_hpf2_results/oc612.result.gz
oc_hpf2_results/oc613.result.gz
oc_hpf2_results/oc614.result.gz
oc_hpf2_results/oc615.result.gz
oc_hpf2_results/oc616.result.gz
oc_hpf2_results/oc617.result.gz
oc_hpf2_results/oc618.result.gz
oc_hpf2_results/oc619.result.gz
oc_hpf2_results/oc620.result.gz
oc_hpf2_results/oc621.result.gz
oc_hpf2_results/oc622.result.gz
oc_hpf2_results/oc623.result.gz
oc_hpf2_results/oc624.result.gz
oc_hpf2_results/oc625.result.gz
oc_hpf2_results/oc626.result.gz
oc_hpf2_results/oc627.result.gz
oc_hpf2_results/oc628.result.gz
oc_hpf2_results/oc629.result.gz
oc_hpf2_results/oc630.result.gz
oc_hpf2_results/oc631.result.gz
oc_hpf2_results/oc632.result.gz
oc_hpf2_results/oc633.result.gz
oc_hpf2_results/oc634.result.gz
oc_hpf2_results/oc635.result.gz
oc_hpf2_results/oc636.result.gz
oc_hpf2_results/oc637.result.gz
oc_hpf2_results/oc638.result.gz
oc_hpf2_results/oc639.result.gz
oc_hpf2_results/oc640.result.gz
oc_hpf2_results/oc641.result.gz
oc_hpf2_results/oc642.result.gz
oc_hpf2_results/oc643.result.gz
oc_hpf2_results/oc644.result.gz
oc_hpf2_results/oc645.result.gz
oc_hpf2_results/oc646.result.gz
oc_hpf2_results/oc647.result.gz
oc_hpf2_results/oc648.result.gz
oc_hpf2_results/oc649.result.gz
oc_hpf2_results/oc690.result.gz
oc_hpf2_results/oc691.result.gz
oc_hpf2_results/oc692.result.gz
oc_hpf2_results/oc693.result.gz
oc_hpf2_results/oc694.result.gz
oc_hpf2_results/oc695.result.gz
oc_hpf2_results/oc696.result.gz
oc_hpf2_results/oc697.result.gz
oc_hpf2_results/oc698.result.gz
oc_hpf2_results/oc699.result.gz
oc_hpf2_results/oc700.result.gz
oc_hpf2_results/oc701.result.gz
oc_hpf2_results/oc702.result.gz
oc_hpf2_results/oc703.result.gz
oc_hpf2_results/oc704.result.gz
oc_hpf2_results/oc705.result.gz
oc_hpf2_results/oc706.result.gz
oc_hpf2_results/oc707.result.gz
oc_hpf2_results/oc708.result.gz
oc_hpf2_results/oc709.result.gz
rsync: failed to set times on "/archive/rb133/hpf2/results/.": Operation not permitted (1)
rsync: failed to set times on "/archive/rb133/hpf2/results/nv_hpf2_results": Operation not permitted (1)
rsync: failed to set times on "/archive/rb133/hpf2/results/nx_hpf2_results": Operation not permitted (1)
rsync: failed to set times on "/archive/rb133/hpf2/results/nz_hpf2_results": Operation not permitted (1)

sent 66588 bytes  received 406603735725 bytes  38575380.89 bytes/sec
total size is 1043375605605  speedup is 2.57
rsync error: some files could not be transferred (code 23) at main.c(1298) [generator=2.6.8]
